{"D:\\Users\\yj_gu\\Documents\\code\\github\\react-imvc-v2\\polyfill\\index.js":{"path":"D:\\Users\\yj_gu\\Documents\\code\\github\\react-imvc-v2\\polyfill\\index.js","statementMap":{"0":{"start":{"line":1,"column":0},"end":{"line":1,"column":20}},"1":{"start":{"line":2,"column":0},"end":{"line":2,"column":31}}},"fnMap":{},"branchMap":{},"s":{"0":1,"1":1},"f":{},"b":{},"_coverageSchema":"1a1c01bbd47fc00a2c39e90264f33305004495a9","hash":"04621170ae0eb13904a20ef56e5fd3c83fbab06e"},"D:\\Users\\yj_gu\\Documents\\code\\github\\react-imvc-v2\\polyfill\\console.js":{"path":"D:\\Users\\yj_gu\\Documents\\code\\github\\react-imvc-v2\\polyfill\\console.js","statementMap":{"0":{"start":{"line":8,"column":13},"end":{"line":8,"column":26}},"1":{"start":{"line":9,"column":16},"end":{"line":35,"column":3}},"2":{"start":{"line":36,"column":15},"end":{"line":36,"column":29}},"3":{"start":{"line":37,"column":17},"end":{"line":37,"column":54}},"4":{"start":{"line":39,"column":2},"end":{"line":46,"column":3}},"5":{"start":{"line":40,"column":4},"end":{"line":40,"column":28}},"6":{"start":{"line":43,"column":4},"end":{"line":45,"column":5}},"7":{"start":{"line":44,"column":6},"end":{"line":44,"column":28}},"8":{"start":{"line":49,"column":0},"end":{"line":49,"column":60}}},"fnMap":{"0":{"name":"consolePolyfill","decl":{"start":{"line":5,"column":9},"end":{"line":5,"column":24}},"loc":{"start":{"line":5,"column":33},"end":{"line":47,"column":1}},"line":5},"1":{"name":"(anonymous_1)","decl":{"start":{"line":8,"column":13},"end":{"line":8,"column":14}},"loc":{"start":{"line":8,"column":24},"end":{"line":8,"column":26}},"line":8}},"branchMap":{"0":{"loc":{"start":{"line":37,"column":34},"end":{"line":37,"column":54}},"type":"binary-expr","locations":[{"start":{"line":37,"column":34},"end":{"line":37,"column":48}},{"start":{"line":37,"column":52},"end":{"line":37,"column":54}}],"line":37},"1":{"loc":{"start":{"line":43,"column":4},"end":{"line":45,"column":5}},"type":"if","locations":[{"start":{"line":43,"column":4},"end":{"line":45,"column":5}},{"start":{},"end":{}}],"line":43},"2":{"loc":{"start":{"line":49,"column":16},"end":{"line":49,"column":59}},"type":"cond-expr","locations":[{"start":{"line":49,"column":48},"end":{"line":49,"column":54}},{"start":{"line":49,"column":57},"end":{"line":49,"column":59}}],"line":49}},"s":{"0":1,"1":1,"2":1,"3":1,"4":1,"5":25,"6":25,"7":5,"8":1},"f":{"0":1,"1":0},"b":{"0":[1,0],"1":[5,20],"2":[1,0]},"_coverageSchema":"1a1c01bbd47fc00a2c39e90264f33305004495a9","hash":"602e532d01ef6c5e241050fee863f3cb1d402240"},"D:\\Users\\yj_gu\\Documents\\code\\github\\react-imvc-v2\\util\\index.ts":{"path":"D:\\Users\\yj_gu\\Documents\\code\\github\\react-imvc-v2\\util\\index.ts","statementMap":{"0":{"start":{"line":21,"column":26},"end":{"line":21,"column":28}},"1":{"start":{"line":22,"column":2},"end":{"line":29,"column":3}},"2":{"start":{"line":22,"column":15},"end":{"line":22,"column":16}},"3":{"start":{"line":23,"column":15},"end":{"line":23,"column":22}},"4":{"start":{"line":24,"column":4},"end":{"line":28,"column":5}},"5":{"start":{"line":25,"column":6},"end":{"line":25,"column":47}},"6":{"start":{"line":27,"column":6},"end":{"line":27,"column":23}},"7":{"start":{"line":30,"column":2},"end":{"line":30,"column":15}},"8":{"start":{"line":43,"column":2},"end":{"line":45,"column":3}},"9":{"start":{"line":44,"column":4},"end":{"line":44,"column":57}},"10":{"start":{"line":46,"column":2},"end":{"line":46,"column":24}},"11":{"start":{"line":51,"column":2},"end":{"line":53,"column":3}},"12":{"start":{"line":52,"column":4},"end":{"line":52,"column":57}},"13":{"start":{"line":54,"column":2},"end":{"line":54,"column":24}},"14":{"start":{"line":58,"column":22},"end":{"line":60,"column":4}},"15":{"start":{"line":59,"column":4},"end":{"line":59,"column":84}},"16":{"start":{"line":59,"column":21},"end":{"line":59,"column":77}},"17":{"start":{"line":61,"column":2},"end":{"line":61,"column":47}},"18":{"start":{"line":65,"column":2},"end":{"line":65,"column":61}},"19":{"start":{"line":72,"column":2},"end":{"line":78,"column":3}},"20":{"start":{"line":74,"column":6},"end":{"line":74,"column":37}},"21":{"start":{"line":75,"column":6},"end":{"line":75,"column":19}},"22":{"start":{"line":82,"column":2},"end":{"line":82,"column":54}},"23":{"start":{"line":85,"column":30},"end":{"line":85,"column":39}},"24":{"start":{"line":86,"column":16},"end":{"line":89,"column":1}},"25":{"start":{"line":87,"column":2},"end":{"line":87,"column":38}},"26":{"start":{"line":87,"column":27},"end":{"line":87,"column":38}},"27":{"start":{"line":88,"column":2},"end":{"line":88,"column":42}},"28":{"start":{"line":101,"column":27},"end":{"line":109,"column":1}},"29":{"start":{"line":102,"column":2},"end":{"line":104,"column":54}},"30":{"start":{"line":106,"column":2},"end":{"line":106,"column":70}},"31":{"start":{"line":108,"column":2},"end":{"line":108,"column":12}},"32":{"start":{"line":116,"column":2},"end":{"line":116,"column":44}},"33":{"start":{"line":120,"column":27},"end":{"line":120,"column":49}},"34":{"start":{"line":120,"column":41},"end":{"line":120,"column":49}},"35":{"start":{"line":123,"column":2},"end":{"line":123,"column":44}}},"fnMap":{"0":{"name":"getFlatList","decl":{"start":{"line":20,"column":9},"end":{"line":20,"column":20}},"loc":{"start":{"line":20,"column":49},"end":{"line":31,"column":1}},"line":20},"1":{"name":"toJSON","decl":{"start":{"line":41,"column":9},"end":{"line":41,"column":15}},"loc":{"start":{"line":41,"column":58},"end":{"line":47,"column":1}},"line":41},"2":{"name":"toText","decl":{"start":{"line":49,"column":9},"end":{"line":49,"column":15}},"loc":{"start":{"line":49,"column":58},"end":{"line":55,"column":1}},"line":49},"3":{"name":"timeoutReject","decl":{"start":{"line":57,"column":9},"end":{"line":57,"column":22}},"loc":{"start":{"line":57,"column":85},"end":{"line":62,"column":1}},"line":57},"4":{"name":"(anonymous_4)","decl":{"start":{"line":58,"column":34},"end":{"line":58,"column":35}},"loc":{"start":{"line":58,"column":49},"end":{"line":60,"column":3}},"line":58},"5":{"name":"(anonymous_5)","decl":{"start":{"line":59,"column":15},"end":{"line":59,"column":16}},"loc":{"start":{"line":59,"column":21},"end":{"line":59,"column":77}},"line":59},"6":{"name":"isAbsoluteUrl","decl":{"start":{"line":64,"column":9},"end":{"line":64,"column":22}},"loc":{"start":{"line":64,"column":36},"end":{"line":66,"column":1}},"line":64},"7":{"name":"mapValues","decl":{"start":{"line":71,"column":9},"end":{"line":71,"column":18}},"loc":{"start":{"line":71,"column":63},"end":{"line":79,"column":1}},"line":71},"8":{"name":"(anonymous_8)","decl":{"start":{"line":73,"column":4},"end":{"line":73,"column":5}},"loc":{"start":{"line":73,"column":21},"end":{"line":76,"column":5}},"line":73},"9":{"name":"isThenable","decl":{"start":{"line":81,"column":9},"end":{"line":81,"column":19}},"loc":{"start":{"line":81,"column":30},"end":{"line":83,"column":1}},"line":81},"10":{"name":"(anonymous_10)","decl":{"start":{"line":86,"column":16},"end":{"line":86,"column":17}},"loc":{"start":{"line":86,"column":45},"end":{"line":89,"column":1}},"line":86},"11":{"name":"(anonymous_11)","decl":{"start":{"line":101,"column":27},"end":{"line":101,"column":28}},"loc":{"start":{"line":101,"column":59},"end":{"line":109,"column":1}},"line":101},"12":{"name":"setValueByPath","decl":{"start":{"line":111,"column":9},"end":{"line":111,"column":23}},"loc":{"start":{"line":115,"column":17},"end":{"line":117,"column":1}},"line":115},"13":{"name":"(anonymous_13)","decl":{"start":{"line":120,"column":27},"end":{"line":120,"column":28}},"loc":{"start":{"line":120,"column":41},"end":{"line":120,"column":49}},"line":120},"14":{"name":"getValueByPath","decl":{"start":{"line":122,"column":9},"end":{"line":122,"column":23}},"loc":{"start":{"line":122,"column":69},"end":{"line":124,"column":1}},"line":122}},"branchMap":{"0":{"loc":{"start":{"line":24,"column":4},"end":{"line":28,"column":5}},"type":"if","locations":[{"start":{"line":24,"column":4},"end":{"line":28,"column":5}},{"start":{"line":26,"column":11},"end":{"line":28,"column":5}}],"line":24},"1":{"loc":{"start":{"line":43,"column":2},"end":{"line":45,"column":3}},"type":"if","locations":[{"start":{"line":43,"column":2},"end":{"line":45,"column":3}},{"start":{},"end":{}}],"line":43},"2":{"loc":{"start":{"line":43,"column":6},"end":{"line":43,"column":45}},"type":"binary-expr","locations":[{"start":{"line":43,"column":6},"end":{"line":43,"column":18}},{"start":{"line":43,"column":22},"end":{"line":43,"column":45}}],"line":43},"3":{"loc":{"start":{"line":51,"column":2},"end":{"line":53,"column":3}},"type":"if","locations":[{"start":{"line":51,"column":2},"end":{"line":53,"column":3}},{"start":{},"end":{}}],"line":51},"4":{"loc":{"start":{"line":51,"column":6},"end":{"line":51,"column":45}},"type":"binary-expr","locations":[{"start":{"line":51,"column":6},"end":{"line":51,"column":18}},{"start":{"line":51,"column":22},"end":{"line":51,"column":45}}],"line":51},"5":{"loc":{"start":{"line":57,"column":46},"end":{"line":57,"column":54}},"type":"default-arg","locations":[{"start":{"line":57,"column":53},"end":{"line":57,"column":54}}],"line":57},"6":{"loc":{"start":{"line":59,"column":38},"end":{"line":59,"column":75}},"type":"binary-expr","locations":[{"start":{"line":59,"column":38},"end":{"line":59,"column":46}},{"start":{"line":59,"column":50},"end":{"line":59,"column":75}}],"line":59},"7":{"loc":{"start":{"line":65,"column":9},"end":{"line":65,"column":61}},"type":"binary-expr","locations":[{"start":{"line":65,"column":9},"end":{"line":65,"column":34}},{"start":{"line":65,"column":38},"end":{"line":65,"column":61}}],"line":65},"8":{"loc":{"start":{"line":82,"column":9},"end":{"line":82,"column":54}},"type":"binary-expr","locations":[{"start":{"line":82,"column":9},"end":{"line":82,"column":20}},{"start":{"line":82,"column":24},"end":{"line":82,"column":54}}],"line":82},"9":{"loc":{"start":{"line":87,"column":2},"end":{"line":87,"column":38}},"type":"if","locations":[{"start":{"line":87,"column":2},"end":{"line":87,"column":38}},{"start":{},"end":{}}],"line":87},"10":{"loc":{"start":{"line":102,"column":8},"end":{"line":104,"column":54}},"type":"cond-expr","locations":[{"start":{"line":103,"column":6},"end":{"line":103,"column":18}},{"start":{"line":104,"column":6},"end":{"line":104,"column":54}}],"line":102},"11":{"loc":{"start":{"line":106,"column":13},"end":{"line":106,"column":70}},"type":"cond-expr","locations":[{"start":{"line":106,"column":31},"end":{"line":106,"column":62}},{"start":{"line":106,"column":65},"end":{"line":106,"column":70}}],"line":106}},"s":{"0":1,"1":1,"2":1,"3":8,"4":8,"5":0,"6":8,"7":1,"8":0,"9":0,"10":0,"11":0,"12":0,"13":0,"14":0,"15":0,"16":0,"17":0,"18":0,"19":0,"20":0,"21":0,"22":0,"23":1,"24":1,"25":0,"26":0,"27":0,"28":1,"29":0,"30":0,"31":0,"32":0,"33":1,"34":0,"35":0},"f":{"0":1,"1":0,"2":0,"3":0,"4":0,"5":0,"6":0,"7":0,"8":0,"9":0,"10":0,"11":0,"12":0,"13":0,"14":0},"b":{"0":[0,8],"1":[0,0],"2":[0,0],"3":[0,0],"4":[0,0],"5":[0],"6":[0,0],"7":[0,0],"8":[0,0],"9":[0,0],"10":[0,0],"11":[0,0]},"_coverageSchema":"1a1c01bbd47fc00a2c39e90264f33305004495a9","hash":"81c63867a6664a482a77c94d551e0f000b0af16c"},"D:\\Users\\yj_gu\\Documents\\code\\github\\react-imvc-v2\\project\\src\\index.js":{"path":"D:\\Users\\yj_gu\\Documents\\code\\github\\react-imvc-v2\\project\\src\\index.js","statementMap":{"0":{"start":{"line":4,"column":20},"end":{"line":4,"column":54}},"1":{"start":{"line":8,"column":20},"end":{"line":8,"column":58}},"2":{"start":{"line":12,"column":20},"end":{"line":12,"column":54}},"3":{"start":{"line":16,"column":20},"end":{"line":16,"column":57}},"4":{"start":{"line":20,"column":20},"end":{"line":20,"column":54}},"5":{"start":{"line":24,"column":20},"end":{"line":24,"column":53}},"6":{"start":{"line":28,"column":20},"end":{"line":28,"column":48}},"7":{"start":{"line":32,"column":20},"end":{"line":32,"column":47}}},"fnMap":{"0":{"name":"(anonymous_0)","decl":{"start":{"line":4,"column":14},"end":{"line":4,"column":15}},"loc":{"start":{"line":4,"column":20},"end":{"line":4,"column":54}},"line":4},"1":{"name":"(anonymous_1)","decl":{"start":{"line":8,"column":14},"end":{"line":8,"column":15}},"loc":{"start":{"line":8,"column":20},"end":{"line":8,"column":58}},"line":8},"2":{"name":"(anonymous_2)","decl":{"start":{"line":12,"column":14},"end":{"line":12,"column":15}},"loc":{"start":{"line":12,"column":20},"end":{"line":12,"column":54}},"line":12},"3":{"name":"(anonymous_3)","decl":{"start":{"line":16,"column":14},"end":{"line":16,"column":15}},"loc":{"start":{"line":16,"column":20},"end":{"line":16,"column":57}},"line":16},"4":{"name":"(anonymous_4)","decl":{"start":{"line":20,"column":14},"end":{"line":20,"column":15}},"loc":{"start":{"line":20,"column":20},"end":{"line":20,"column":54}},"line":20},"5":{"name":"(anonymous_5)","decl":{"start":{"line":24,"column":14},"end":{"line":24,"column":15}},"loc":{"start":{"line":24,"column":20},"end":{"line":24,"column":53}},"line":24},"6":{"name":"(anonymous_6)","decl":{"start":{"line":28,"column":14},"end":{"line":28,"column":15}},"loc":{"start":{"line":28,"column":20},"end":{"line":28,"column":48}},"line":28},"7":{"name":"(anonymous_7)","decl":{"start":{"line":32,"column":14},"end":{"line":32,"column":15}},"loc":{"start":{"line":32,"column":20},"end":{"line":32,"column":47}},"line":32}},"branchMap":{},"s":{"0":0,"1":0,"2":0,"3":0,"4":0,"5":0,"6":0,"7":1},"f":{"0":0,"1":0,"2":0,"3":0,"4":0,"5":0,"6":0,"7":1},"b":{},"_coverageSchema":"1a1c01bbd47fc00a2c39e90264f33305004495a9","hash":"01fa9e5f47e822af5c2ea209b243e7e2946f9f44"},"D:\\Users\\yj_gu\\Documents\\code\\github\\react-imvc-v2\\entry\\client.js":{"path":"D:\\Users\\yj_gu\\Documents\\code\\github\\react-imvc-v2\\entry\\client.js","statementMap":{"0":{"start":{"line":10,"column":0},"end":{"line":10,"column":54}},"1":{"start":{"line":11,"column":25},"end":{"line":11,"column":54}},"2":{"start":{"line":13,"column":18},"end":{"line":13,"column":52}},"3":{"start":{"line":13,"column":28},"end":{"line":13,"column":52}},"4":{"start":{"line":14,"column":22},"end":{"line":16,"column":1}},"5":{"start":{"line":15,"column":2},"end":{"line":15,"column":54}},"6":{"start":{"line":18,"column":20},"end":{"line":18,"column":46}},"7":{"start":{"line":19,"column":15},"end":{"line":40,"column":1}},"8":{"start":{"line":20,"column":2},"end":{"line":39,"column":3}},"9":{"start":{"line":21,"column":4},"end":{"line":26,"column":5}},"10":{"start":{"line":22,"column":6},"end":{"line":22,"column":27}},"11":{"start":{"line":23,"column":6},"end":{"line":23,"column":39}},"12":{"start":{"line":25,"column":6},"end":{"line":25,"column":38}},"13":{"start":{"line":28,"column":4},"end":{"line":28,"column":32}},"14":{"start":{"line":28,"column":21},"end":{"line":28,"column":32}},"15":{"start":{"line":30,"column":4},"end":{"line":32,"column":5}},"16":{"start":{"line":31,"column":6},"end":{"line":31,"column":45}},"17":{"start":{"line":34,"column":4},"end":{"line":38,"column":5}},"18":{"start":{"line":35,"column":6},"end":{"line":35,"column":53}},"19":{"start":{"line":37,"column":6},"end":{"line":37,"column":17}},"20":{"start":{"line":41,"column":19},"end":{"line":41,"column":29}},"21":{"start":{"line":43,"column":15},"end":{"line":45,"column":1}},"22":{"start":{"line":47,"column":20},"end":{"line":60,"column":1}},"23":{"start":{"line":65,"column":16},"end":{"line":65,"column":18}},"24":{"start":{"line":66,"column":0},"end":{"line":70,"column":2}},"25":{"start":{"line":67,"column":13},"end":{"line":67,"column":46}},"26":{"start":{"line":68,"column":16},"end":{"line":68,"column":50}},"27":{"start":{"line":69,"column":2},"end":{"line":69,"column":25}},"28":{"start":{"line":71,"column":0},"end":{"line":71,"column":37}},"29":{"start":{"line":73,"column":12},"end":{"line":73,"column":34}},"30":{"start":{"line":75,"column":0},"end":{"line":75,"column":11}},"31":{"start":{"line":78,"column":0},"end":{"line":78,"column":68}},"32":{"start":{"line":78,"column":49},"end":{"line":78,"column":68}}},"fnMap":{"0":{"name":"(anonymous_0)","decl":{"start":{"line":13,"column":18},"end":{"line":13,"column":19}},"loc":{"start":{"line":13,"column":28},"end":{"line":13,"column":52}},"line":13},"1":{"name":"(anonymous_1)","decl":{"start":{"line":14,"column":22},"end":{"line":14,"column":23}},"loc":{"start":{"line":14,"column":57},"end":{"line":16,"column":1}},"line":14},"2":{"name":"(anonymous_2)","decl":{"start":{"line":19,"column":15},"end":{"line":19,"column":16}},"loc":{"start":{"line":19,"column":48},"end":{"line":40,"column":1}},"line":19},"3":{"name":"(anonymous_3)","decl":{"start":{"line":66,"column":64},"end":{"line":66,"column":65}},"loc":{"start":{"line":66,"column":72},"end":{"line":70,"column":1}},"line":66}},"branchMap":{"0":{"loc":{"start":{"line":11,"column":25},"end":{"line":11,"column":54}},"type":"binary-expr","locations":[{"start":{"line":11,"column":25},"end":{"line":11,"column":48}},{"start":{"line":11,"column":52},"end":{"line":11,"column":54}}],"line":11},"1":{"loc":{"start":{"line":13,"column":28},"end":{"line":13,"column":52}},"type":"binary-expr","locations":[{"start":{"line":13,"column":28},"end":{"line":13,"column":42}},{"start":{"line":13,"column":46},"end":{"line":13,"column":52}}],"line":13},"2":{"loc":{"start":{"line":21,"column":4},"end":{"line":26,"column":5}},"type":"if","locations":[{"start":{"line":21,"column":4},"end":{"line":26,"column":5}},{"start":{"line":24,"column":11},"end":{"line":26,"column":5}}],"line":21},"3":{"loc":{"start":{"line":28,"column":4},"end":{"line":28,"column":32}},"type":"if","locations":[{"start":{"line":28,"column":4},"end":{"line":28,"column":32}},{"start":{},"end":{}}],"line":28},"4":{"loc":{"start":{"line":30,"column":4},"end":{"line":32,"column":5}},"type":"if","locations":[{"start":{"line":30,"column":4},"end":{"line":32,"column":5}},{"start":{},"end":{}}],"line":30},"5":{"loc":{"start":{"line":34,"column":4},"end":{"line":38,"column":5}},"type":"if","locations":[{"start":{"line":34,"column":4},"end":{"line":38,"column":5}},{"start":{"line":36,"column":11},"end":{"line":38,"column":5}}],"line":34},"6":{"loc":{"start":{"line":44,"column":2},"end":{"line":44,"column":59}},"type":"cond-expr","locations":[{"start":{"line":44,"column":27},"end":{"line":44,"column":34}},{"start":{"line":44,"column":37},"end":{"line":44,"column":59}}],"line":44},"7":{"loc":{"start":{"line":68,"column":16},"end":{"line":68,"column":50}},"type":"binary-expr","locations":[{"start":{"line":68,"column":16},"end":{"line":68,"column":32}},{"start":{"line":68,"column":36},"end":{"line":68,"column":50}}],"line":68},"8":{"loc":{"start":{"line":78,"column":0},"end":{"line":78,"column":68}},"type":"if","locations":[{"start":{"line":78,"column":0},"end":{"line":78,"column":68}},{"start":{},"end":{}}],"line":78},"9":{"loc":{"start":{"line":78,"column":4},"end":{"line":78,"column":47}},"type":"binary-expr","locations":[{"start":{"line":78,"column":4},"end":{"line":78,"column":33}},{"start":{"line":78,"column":37},"end":{"line":78,"column":47}}],"line":78}},"s":{"0":1,"1":1,"2":1,"3":1,"4":1,"5":1,"6":1,"7":1,"8":1,"9":1,"10":1,"11":1,"12":0,"13":0,"14":0,"15":0,"16":0,"17":0,"18":0,"19":0,"20":1,"21":1,"22":1,"23":1,"24":1,"25":0,"26":0,"27":0,"28":1,"29":1,"30":1,"31":1,"32":0},"f":{"0":1,"1":1,"2":1,"3":0},"b":{"0":[1,0],"1":[1,0],"2":[1,0],"3":[0,0],"4":[0,0],"5":[0,0],"6":[1,0],"7":[0,0],"8":[0,1],"9":[1,1]},"_coverageSchema":"1a1c01bbd47fc00a2c39e90264f33305004495a9","hash":"cbe0fe19320c23fa344f81945bda9191fbb55113"},"D:\\Users\\yj_gu\\Documents\\code\\github\\react-imvc-v2\\context\\index.js":{"path":"D:\\Users\\yj_gu\\Documents\\code\\github\\react-imvc-v2\\context\\index.js","statementMap":{},"fnMap":{},"branchMap":{},"s":{},"f":{},"b":{},"_coverageSchema":"1a1c01bbd47fc00a2c39e90264f33305004495a9","hash":"1f87c70524390c9fac1f479afb598721f17034a9"},"D:\\Users\\yj_gu\\Documents\\code\\github\\react-imvc-v2\\component\\ControllerProxy.js":{"path":"D:\\Users\\yj_gu\\Documents\\code\\github\\react-imvc-v2\\component\\ControllerProxy.js","statementMap":{"0":{"start":{"line":8,"column":24},"end":{"line":8,"column":28}},"1":{"start":{"line":10,"column":25},"end":{"line":10,"column":35}},"2":{"start":{"line":11,"column":19},"end":{"line":11,"column":46}},"3":{"start":{"line":13,"column":4},"end":{"line":15,"column":5}},"4":{"start":{"line":14,"column":6},"end":{"line":14,"column":33}},"5":{"start":{"line":18,"column":25},"end":{"line":18,"column":35}},"6":{"start":{"line":19,"column":4},"end":{"line":29,"column":5}},"7":{"start":{"line":20,"column":6},"end":{"line":22,"column":7}},"8":{"start":{"line":21,"column":8},"end":{"line":21,"column":34}},"9":{"start":{"line":24,"column":6},"end":{"line":28,"column":7}},"10":{"start":{"line":25,"column":8},"end":{"line":25,"column":53}},"11":{"start":{"line":27,"column":8},"end":{"line":27,"column":19}},"12":{"start":{"line":32,"column":25},"end":{"line":32,"column":35}},"13":{"start":{"line":33,"column":4},"end":{"line":33,"column":30}},"14":{"start":{"line":34,"column":4},"end":{"line":37,"column":5}},"15":{"start":{"line":35,"column":6},"end":{"line":35,"column":39}},"16":{"start":{"line":36,"column":6},"end":{"line":36,"column":41}},"17":{"start":{"line":38,"column":4},"end":{"line":38,"column":34}},"18":{"start":{"line":41,"column":4},"end":{"line":41,"column":37}},"19":{"start":{"line":44,"column":4},"end":{"line":44,"column":30}},"20":{"start":{"line":47,"column":4},"end":{"line":47,"column":15}}},"fnMap":{"0":{"name":"(anonymous_0)","decl":{"start":{"line":9,"column":2},"end":{"line":9,"column":3}},"loc":{"start":{"line":9,"column":24},"end":{"line":16,"column":3}},"line":9},"1":{"name":"(anonymous_1)","decl":{"start":{"line":17,"column":2},"end":{"line":17,"column":3}},"loc":{"start":{"line":17,"column":21},"end":{"line":30,"column":3}},"line":17},"2":{"name":"(anonymous_2)","decl":{"start":{"line":31,"column":2},"end":{"line":31,"column":3}},"loc":{"start":{"line":31,"column":22},"end":{"line":39,"column":3}},"line":31},"3":{"name":"(anonymous_3)","decl":{"start":{"line":40,"column":2},"end":{"line":40,"column":3}},"loc":{"start":{"line":40,"column":25},"end":{"line":42,"column":3}},"line":40},"4":{"name":"(anonymous_4)","decl":{"start":{"line":43,"column":2},"end":{"line":43,"column":3}},"loc":{"start":{"line":43,"column":23},"end":{"line":45,"column":3}},"line":43},"5":{"name":"(anonymous_5)","decl":{"start":{"line":46,"column":2},"end":{"line":46,"column":3}},"loc":{"start":{"line":46,"column":11},"end":{"line":48,"column":3}},"line":46}},"branchMap":{"0":{"loc":{"start":{"line":13,"column":4},"end":{"line":15,"column":5}},"type":"if","locations":[{"start":{"line":13,"column":4},"end":{"line":15,"column":5}},{"start":{},"end":{}}],"line":13},"1":{"loc":{"start":{"line":13,"column":8},"end":{"line":13,"column":45}},"type":"binary-expr","locations":[{"start":{"line":13,"column":8},"end":{"line":13,"column":12}},{"start":{"line":13,"column":16},"end":{"line":13,"column":45}}],"line":13},"2":{"loc":{"start":{"line":20,"column":6},"end":{"line":22,"column":7}},"type":"if","locations":[{"start":{"line":20,"column":6},"end":{"line":22,"column":7}},{"start":{},"end":{}}],"line":20},"3":{"loc":{"start":{"line":24,"column":6},"end":{"line":28,"column":7}},"type":"if","locations":[{"start":{"line":24,"column":6},"end":{"line":28,"column":7}},{"start":{"line":26,"column":13},"end":{"line":28,"column":7}}],"line":24},"4":{"loc":{"start":{"line":34,"column":4},"end":{"line":37,"column":5}},"type":"if","locations":[{"start":{"line":34,"column":4},"end":{"line":37,"column":5}},{"start":{},"end":{}}],"line":34}},"s":{"0":1,"1":1,"2":1,"3":1,"4":0,"5":2,"6":2,"7":2,"8":0,"9":0,"10":0,"11":0,"12":1,"13":1,"14":1,"15":1,"16":1,"17":1,"18":0,"19":0,"20":1},"f":{"0":1,"1":2,"2":1,"3":0,"4":0,"5":1},"b":{"0":[0,1],"1":[1,0],"2":[0,2],"3":[0,0],"4":[1,0]},"_coverageSchema":"1a1c01bbd47fc00a2c39e90264f33305004495a9","hash":"95a9ec1556310ef7c049d9644ab2ec47fb7c37d9"},"D:\\Users\\yj_gu\\Documents\\code\\github\\react-imvc-v2\\component\\ViewManager.js":{"path":"D:\\Users\\yj_gu\\Documents\\code\\github\\react-imvc-v2\\component\\ViewManager.js","statementMap":{"0":{"start":{"line":6,"column":23},"end":{"line":6,"column":27}},"1":{"start":{"line":7,"column":9},"end":{"line":7,"column":11}},"2":{"start":{"line":8,"column":13},"end":{"line":8,"column":15}},"3":{"start":{"line":10,"column":2},"end":{"line":10,"column":23}},"4":{"start":{"line":11,"column":2},"end":{"line":11,"column":51}},"5":{"start":{"line":14,"column":2},"end":{"line":16,"column":3}},"6":{"start":{"line":15,"column":3},"end":{"line":15,"column":25}},"7":{"start":{"line":19,"column":29},"end":{"line":19,"column":33}},"8":{"start":{"line":20,"column":23},"end":{"line":20,"column":33}},"9":{"start":{"line":21,"column":14},"end":{"line":21,"column":38}},"10":{"start":{"line":23,"column":2},"end":{"line":27,"column":3}},"11":{"start":{"line":24,"column":3},"end":{"line":26,"column":4}},"12":{"start":{"line":25,"column":4},"end":{"line":25,"column":21}},"13":{"start":{"line":29,"column":2},"end":{"line":33,"column":3}},"14":{"start":{"line":30,"column":3},"end":{"line":32,"column":4}},"15":{"start":{"line":31,"column":4},"end":{"line":31,"column":25}},"16":{"start":{"line":36,"column":20},"end":{"line":36,"column":54}},"17":{"start":{"line":37,"column":17},"end":{"line":37,"column":50}},"18":{"start":{"line":38,"column":2},"end":{"line":40,"column":3}},"19":{"start":{"line":39,"column":3},"end":{"line":39,"column":47}},"20":{"start":{"line":41,"column":2},"end":{"line":41,"column":30}},"21":{"start":{"line":42,"column":2},"end":{"line":42,"column":24}},"22":{"start":{"line":45,"column":23},"end":{"line":45,"column":33}},"23":{"start":{"line":46,"column":20},"end":{"line":46,"column":43}},"24":{"start":{"line":48,"column":2},"end":{"line":50,"column":3}},"25":{"start":{"line":49,"column":3},"end":{"line":49,"column":26}},"26":{"start":{"line":52,"column":40},"end":{"line":52,"column":50}},"27":{"start":{"line":53,"column":14},"end":{"line":53,"column":30}},"28":{"start":{"line":54,"column":16},"end":{"line":54,"column":29}},"29":{"start":{"line":57,"column":3},"end":{"line":64,"column":28}},"30":{"start":{"line":67,"column":2},"end":{"line":71,"column":3}},"31":{"start":{"line":68,"column":3},"end":{"line":68,"column":26}},"32":{"start":{"line":69,"column":9},"end":{"line":71,"column":3}},"33":{"start":{"line":70,"column":3},"end":{"line":70,"column":26}},"34":{"start":{"line":73,"column":2},"end":{"line":73,"column":13}},"35":{"start":{"line":76,"column":23},"end":{"line":76,"column":33}},"36":{"start":{"line":77,"column":2},"end":{"line":96,"column":3}},"37":{"start":{"line":80,"column":5},"end":{"line":89,"column":6}},"38":{"start":{"line":101,"column":23},"end":{"line":101,"column":27}},"39":{"start":{"line":102,"column":16},"end":{"line":104,"column":2}},"40":{"start":{"line":103,"column":2},"end":{"line":103,"column":28}},"41":{"start":{"line":105,"column":25},"end":{"line":108,"column":2}},"42":{"start":{"line":106,"column":31},"end":{"line":106,"column":41}},"43":{"start":{"line":107,"column":2},"end":{"line":107,"column":70}},"44":{"start":{"line":110,"column":2},"end":{"line":117,"column":3}},"45":{"start":{"line":111,"column":3},"end":{"line":111,"column":40}},"46":{"start":{"line":113,"column":3},"end":{"line":116,"column":4}},"47":{"start":{"line":114,"column":4},"end":{"line":114,"column":37}},"48":{"start":{"line":115,"column":4},"end":{"line":115,"column":40}},"49":{"start":{"line":118,"column":2},"end":{"line":118,"column":27}},"50":{"start":{"line":121,"column":2},"end":{"line":123,"column":3}},"51":{"start":{"line":122,"column":3},"end":{"line":122,"column":22}},"52":{"start":{"line":126,"column":2},"end":{"line":130,"column":3}},"53":{"start":{"line":145,"column":5},"end":{"line":145,"column":9}},"54":{"start":{"line":146,"column":13},"end":{"line":146,"column":29}},"55":{"start":{"line":147,"column":1},"end":{"line":159,"column":2}}},"fnMap":{"0":{"name":"(anonymous_0)","decl":{"start":{"line":9,"column":1},"end":{"line":9,"column":2}},"loc":{"start":{"line":9,"column":29},"end":{"line":12,"column":2}},"line":9},"1":{"name":"(anonymous_1)","decl":{"start":{"line":13,"column":1},"end":{"line":13,"column":2}},"loc":{"start":{"line":13,"column":20},"end":{"line":17,"column":2}},"line":13},"2":{"name":"(anonymous_2)","decl":{"start":{"line":18,"column":1},"end":{"line":18,"column":2}},"loc":{"start":{"line":18,"column":19},"end":{"line":34,"column":2}},"line":18},"3":{"name":"(anonymous_3)","decl":{"start":{"line":35,"column":1},"end":{"line":35,"column":2}},"loc":{"start":{"line":35,"column":38},"end":{"line":43,"column":2}},"line":35},"4":{"name":"(anonymous_4)","decl":{"start":{"line":44,"column":1},"end":{"line":44,"column":2}},"loc":{"start":{"line":44,"column":18},"end":{"line":74,"column":2}},"line":44},"5":{"name":"(anonymous_5)","decl":{"start":{"line":75,"column":1},"end":{"line":75,"column":2}},"loc":{"start":{"line":75,"column":10},"end":{"line":97,"column":2}},"line":75},"6":{"name":"(anonymous_6)","decl":{"start":{"line":79,"column":33},"end":{"line":79,"column":34}},"loc":{"start":{"line":79,"column":41},"end":{"line":90,"column":5}},"line":79},"7":{"name":"(anonymous_7)","decl":{"start":{"line":102,"column":16},"end":{"line":102,"column":17}},"loc":{"start":{"line":102,"column":29},"end":{"line":104,"column":2}},"line":102},"8":{"name":"(anonymous_8)","decl":{"start":{"line":105,"column":25},"end":{"line":105,"column":26}},"loc":{"start":{"line":105,"column":31},"end":{"line":108,"column":2}},"line":105},"9":{"name":"(anonymous_9)","decl":{"start":{"line":109,"column":1},"end":{"line":109,"column":2}},"loc":{"start":{"line":109,"column":34},"end":{"line":119,"column":2}},"line":109},"10":{"name":"(anonymous_10)","decl":{"start":{"line":120,"column":1},"end":{"line":120,"column":2}},"loc":{"start":{"line":120,"column":21},"end":{"line":124,"column":2}},"line":120},"11":{"name":"(anonymous_11)","decl":{"start":{"line":125,"column":1},"end":{"line":125,"column":2}},"loc":{"start":{"line":125,"column":10},"end":{"line":131,"column":2}},"line":125},"12":{"name":"getContextByController","decl":{"start":{"line":134,"column":9},"end":{"line":134,"column":31}},"loc":{"start":{"line":134,"column":38},"end":{"line":160,"column":1}},"line":134}},"branchMap":{"0":{"loc":{"start":{"line":14,"column":2},"end":{"line":16,"column":3}},"type":"if","locations":[{"start":{"line":14,"column":2},"end":{"line":16,"column":3}},{"start":{},"end":{}}],"line":14},"1":{"loc":{"start":{"line":24,"column":3},"end":{"line":26,"column":4}},"type":"if","locations":[{"start":{"line":24,"column":3},"end":{"line":26,"column":4}},{"start":{},"end":{}}],"line":24},"2":{"loc":{"start":{"line":30,"column":3},"end":{"line":32,"column":4}},"type":"if","locations":[{"start":{"line":30,"column":3},"end":{"line":32,"column":4}},{"start":{},"end":{}}],"line":30},"3":{"loc":{"start":{"line":38,"column":2},"end":{"line":40,"column":3}},"type":"if","locations":[{"start":{"line":38,"column":2},"end":{"line":40,"column":3}},{"start":{},"end":{}}],"line":38},"4":{"loc":{"start":{"line":48,"column":2},"end":{"line":50,"column":3}},"type":"if","locations":[{"start":{"line":48,"column":2},"end":{"line":50,"column":3}},{"start":{},"end":{}}],"line":48},"5":{"loc":{"start":{"line":67,"column":2},"end":{"line":71,"column":3}},"type":"if","locations":[{"start":{"line":67,"column":2},"end":{"line":71,"column":3}},{"start":{"line":69,"column":9},"end":{"line":71,"column":3}}],"line":67},"6":{"loc":{"start":{"line":69,"column":9},"end":{"line":71,"column":3}},"type":"if","locations":[{"start":{"line":69,"column":9},"end":{"line":71,"column":3}},{"start":{},"end":{}}],"line":69},"7":{"loc":{"start":{"line":107,"column":9},"end":{"line":107,"column":70}},"type":"cond-expr","locations":[{"start":{"line":107,"column":43},"end":{"line":107,"column":47}},{"start":{"line":107,"column":50},"end":{"line":107,"column":70}}],"line":107},"8":{"loc":{"start":{"line":110,"column":2},"end":{"line":117,"column":3}},"type":"if","locations":[{"start":{"line":110,"column":2},"end":{"line":117,"column":3}},{"start":{"line":112,"column":9},"end":{"line":117,"column":3}}],"line":110},"9":{"loc":{"start":{"line":113,"column":3},"end":{"line":116,"column":4}},"type":"if","locations":[{"start":{"line":113,"column":3},"end":{"line":116,"column":4}},{"start":{},"end":{}}],"line":113},"10":{"loc":{"start":{"line":121,"column":2},"end":{"line":123,"column":3}},"type":"if","locations":[{"start":{"line":121,"column":2},"end":{"line":123,"column":3}},{"start":{},"end":{}}],"line":121}},"s":{"0":1,"1":1,"2":1,"3":1,"4":1,"5":1,"6":1,"7":0,"8":0,"9":0,"10":0,"11":0,"12":0,"13":0,"14":0,"15":0,"16":0,"17":0,"18":0,"19":0,"20":0,"21":0,"22":1,"23":1,"24":1,"25":0,"26":1,"27":1,"28":1,"29":1,"30":1,"31":0,"32":1,"33":1,"34":1,"35":1,"36":1,"37":1,"38":1,"39":1,"40":1,"41":1,"42":1,"43":1,"44":0,"45":0,"46":0,"47":0,"48":0,"49":0,"50":1,"51":1,"52":1,"53":1,"54":1,"55":1},"f":{"0":1,"1":1,"2":0,"3":0,"4":1,"5":1,"6":1,"7":1,"8":1,"9":0,"10":1,"11":1,"12":1},"b":{"0":[1,0],"1":[0,0],"2":[0,0],"3":[0,0],"4":[0,1],"5":[0,1],"6":[1,0],"7":[1,0],"8":[0,0],"9":[0,0],"10":[1,0]},"_coverageSchema":"1a1c01bbd47fc00a2c39e90264f33305004495a9","hash":"ad8054d96cad8b6a16d8fc8b7f15fb03bbfb08db"},"D:\\Users\\yj_gu\\Documents\\code\\github\\react-imvc-v2\\controller\\actions.js":{"path":"D:\\Users\\yj_gu\\Documents\\code\\github\\react-imvc-v2\\controller\\actions.js","statementMap":{"0":{"start":{"line":6,"column":27},"end":{"line":6,"column":28}},"1":{"start":{"line":8,"column":23},"end":{"line":8,"column":37}},"2":{"start":{"line":8,"column":32},"end":{"line":8,"column":37}},"3":{"start":{"line":10,"column":26},"end":{"line":15,"column":1}},"4":{"start":{"line":11,"column":2},"end":{"line":14,"column":3}},"5":{"start":{"line":17,"column":31},"end":{"line":22,"column":1}},"6":{"start":{"line":18,"column":2},"end":{"line":21,"column":3}},"7":{"start":{"line":24,"column":34},"end":{"line":29,"column":1}},"8":{"start":{"line":25,"column":1},"end":{"line":28,"column":2}},"9":{"start":{"line":26,"column":19},"end":{"line":26,"column":61}},"10":{"start":{"line":31,"column":32},"end":{"line":31,"column":52}}},"fnMap":{"0":{"name":"(anonymous_0)","decl":{"start":{"line":8,"column":23},"end":{"line":8,"column":24}},"loc":{"start":{"line":8,"column":32},"end":{"line":8,"column":37}},"line":8},"1":{"name":"(anonymous_1)","decl":{"start":{"line":10,"column":26},"end":{"line":10,"column":27}},"loc":{"start":{"line":10,"column":47},"end":{"line":15,"column":1}},"line":10},"2":{"name":"(anonymous_2)","decl":{"start":{"line":17,"column":31},"end":{"line":17,"column":32}},"loc":{"start":{"line":17,"column":52},"end":{"line":22,"column":1}},"line":17},"3":{"name":"(anonymous_3)","decl":{"start":{"line":24,"column":34},"end":{"line":24,"column":35}},"loc":{"start":{"line":24,"column":54},"end":{"line":29,"column":1}},"line":24},"4":{"name":"(anonymous_4)","decl":{"start":{"line":26,"column":2},"end":{"line":26,"column":3}},"loc":{"start":{"line":26,"column":19},"end":{"line":26,"column":61}},"line":26}},"branchMap":{},"s":{"0":1,"1":1,"2":0,"3":1,"4":0,"5":1,"6":0,"7":1,"8":0,"9":0,"10":1},"f":{"0":0,"1":0,"2":0,"3":0,"4":0},"b":{},"_coverageSchema":"1a1c01bbd47fc00a2c39e90264f33305004495a9","hash":"c8231e606ebbaca3cde71538143f4669daaa98e3"},"D:\\Users\\yj_gu\\Documents\\code\\github\\react-imvc-v2\\controller\\index.js":{"path":"D:\\Users\\yj_gu\\Documents\\code\\github\\react-imvc-v2\\controller\\index.js","statementMap":{"0":{"start":{"line":12,"column":2},"end":{"line":14,"column":35}},"1":{"start":{"line":16,"column":18},"end":{"line":16,"column":34}},"2":{"start":{"line":16,"column":29},"end":{"line":16,"column":34}},"3":{"start":{"line":17,"column":10},"end":{"line":17,"column":11}},"4":{"start":{"line":25,"column":9},"end":{"line":25,"column":18}},"5":{"start":{"line":27,"column":4},"end":{"line":32,"column":5}},"6":{"start":{"line":38,"column":4},"end":{"line":41,"column":5}},"7":{"start":{"line":39,"column":6},"end":{"line":39,"column":34}},"8":{"start":{"line":40,"column":6},"end":{"line":40,"column":25}},"9":{"start":{"line":42,"column":4},"end":{"line":42,"column":28}},"10":{"start":{"line":43,"column":4},"end":{"line":43,"column":26}},"11":{"start":{"line":44,"column":4},"end":{"line":44,"column":22}},"12":{"start":{"line":45,"column":4},"end":{"line":45,"column":37}},"13":{"start":{"line":49,"column":23},"end":{"line":49,"column":27}},"14":{"start":{"line":50,"column":4},"end":{"line":55,"column":6}},"15":{"start":{"line":51,"column":18},"end":{"line":51,"column":29}},"16":{"start":{"line":52,"column":6},"end":{"line":54,"column":7}},"17":{"start":{"line":53,"column":8},"end":{"line":53,"column":40}},"18":{"start":{"line":59,"column":4},"end":{"line":61,"column":5}},"19":{"start":{"line":60,"column":6},"end":{"line":60,"column":21}},"20":{"start":{"line":62,"column":23},"end":{"line":62,"column":35}},"21":{"start":{"line":63,"column":4},"end":{"line":63,"column":30}},"22":{"start":{"line":67,"column":4},"end":{"line":69,"column":5}},"23":{"start":{"line":68,"column":6},"end":{"line":68,"column":21}},"24":{"start":{"line":70,"column":25},"end":{"line":70,"column":37}},"25":{"start":{"line":71,"column":4},"end":{"line":71,"column":32}},"26":{"start":{"line":76,"column":22},"end":{"line":76,"column":26}},"27":{"start":{"line":84,"column":4},"end":{"line":89,"column":5}},"28":{"start":{"line":85,"column":6},"end":{"line":87,"column":7}},"29":{"start":{"line":86,"column":8},"end":{"line":86,"column":38}},"30":{"start":{"line":88,"column":6},"end":{"line":88,"column":16}},"31":{"start":{"line":92,"column":4},"end":{"line":94,"column":5}},"32":{"start":{"line":93,"column":6},"end":{"line":93,"column":38}},"33":{"start":{"line":96,"column":18},"end":{"line":96,"column":49}},"34":{"start":{"line":97,"column":4},"end":{"line":97,"column":24}},"35":{"start":{"line":105,"column":31},"end":{"line":105,"column":35}},"36":{"start":{"line":107,"column":4},"end":{"line":122,"column":5}},"37":{"start":{"line":108,"column":6},"end":{"line":111,"column":7}},"38":{"start":{"line":110,"column":8},"end":{"line":110,"column":55}},"39":{"start":{"line":112,"column":6},"end":{"line":112,"column":39}},"40":{"start":{"line":115,"column":6},"end":{"line":115,"column":20}},"41":{"start":{"line":116,"column":11},"end":{"line":122,"column":5}},"42":{"start":{"line":117,"column":6},"end":{"line":121,"column":7}},"43":{"start":{"line":118,"column":8},"end":{"line":118,"column":44}},"44":{"start":{"line":120,"column":8},"end":{"line":120,"column":36}},"45":{"start":{"line":126,"column":4},"end":{"line":128,"column":5}},"46":{"start":{"line":127,"column":6},"end":{"line":127,"column":32}},"47":{"start":{"line":129,"column":4},"end":{"line":129,"column":39}},"48":{"start":{"line":132,"column":22},"end":{"line":132,"column":26}},"49":{"start":{"line":133,"column":4},"end":{"line":138,"column":5}},"50":{"start":{"line":134,"column":20},"end":{"line":134,"column":27}},"51":{"start":{"line":135,"column":6},"end":{"line":135,"column":29}},"52":{"start":{"line":136,"column":11},"end":{"line":138,"column":5}},"53":{"start":{"line":137,"column":6},"end":{"line":137,"column":28}},"54":{"start":{"line":141,"column":22},"end":{"line":141,"column":26}},"55":{"start":{"line":143,"column":4},"end":{"line":150,"column":5}},"56":{"start":{"line":144,"column":27},"end":{"line":144,"column":58}},"57":{"start":{"line":145,"column":6},"end":{"line":149,"column":7}},"58":{"start":{"line":146,"column":8},"end":{"line":148,"column":9}},"59":{"start":{"line":152,"column":4},"end":{"line":157,"column":5}},"60":{"start":{"line":153,"column":20},"end":{"line":153,"column":27}},"61":{"start":{"line":154,"column":6},"end":{"line":154,"column":37}},"62":{"start":{"line":155,"column":11},"end":{"line":157,"column":5}},"63":{"start":{"line":156,"column":6},"end":{"line":156,"column":37}},"64":{"start":{"line":160,"column":22},"end":{"line":160,"column":26}},"65":{"start":{"line":162,"column":4},"end":{"line":167,"column":5}},"66":{"start":{"line":163,"column":20},"end":{"line":163,"column":27}},"67":{"start":{"line":164,"column":6},"end":{"line":164,"column":35}},"68":{"start":{"line":165,"column":11},"end":{"line":167,"column":5}},"69":{"start":{"line":166,"column":6},"end":{"line":166,"column":33}},"70":{"start":{"line":178,"column":27},"end":{"line":178,"column":31}},"71":{"start":{"line":183,"column":4},"end":{"line":185,"column":5}},"72":{"start":{"line":184,"column":6},"end":{"line":184,"column":20}},"73":{"start":{"line":188,"column":4},"end":{"line":190,"column":5}},"74":{"start":{"line":189,"column":6},"end":{"line":189,"column":36}},"75":{"start":{"line":192,"column":23},"end":{"line":200,"column":5}},"76":{"start":{"line":205,"column":4},"end":{"line":207,"column":5}},"77":{"start":{"line":206,"column":6},"end":{"line":206,"column":71}},"78":{"start":{"line":210,"column":19},"end":{"line":210,"column":65}},"79":{"start":{"line":211,"column":21},"end":{"line":211,"column":83}},"80":{"start":{"line":213,"column":20},"end":{"line":213,"column":49}},"81":{"start":{"line":219,"column":4},"end":{"line":221,"column":5}},"82":{"start":{"line":220,"column":6},"end":{"line":220,"column":42}},"83":{"start":{"line":226,"column":4},"end":{"line":231,"column":5}},"84":{"start":{"line":227,"column":38},"end":{"line":227,"column":45}},"85":{"start":{"line":228,"column":28},"end":{"line":229,"column":87}},"86":{"start":{"line":230,"column":6},"end":{"line":230,"column":78}},"87":{"start":{"line":233,"column":4},"end":{"line":233,"column":20}},"88":{"start":{"line":240,"column":18},"end":{"line":240,"column":22}},"89":{"start":{"line":244,"column":4},"end":{"line":246,"column":5}},"90":{"start":{"line":245,"column":6},"end":{"line":245,"column":20}},"91":{"start":{"line":247,"column":4},"end":{"line":250,"column":5}},"92":{"start":{"line":248,"column":19},"end":{"line":248,"column":48}},"93":{"start":{"line":249,"column":6},"end":{"line":249,"column":51}},"94":{"start":{"line":251,"column":4},"end":{"line":254,"column":5}},"95":{"start":{"line":255,"column":4},"end":{"line":255,"column":35}},"96":{"start":{"line":262,"column":4},"end":{"line":266,"column":5}},"97":{"start":{"line":267,"column":4},"end":{"line":267,"column":35}},"98":{"start":{"line":273,"column":4},"end":{"line":273,"column":37}},"99":{"start":{"line":274,"column":15},"end":{"line":274,"column":35}},"100":{"start":{"line":276,"column":4},"end":{"line":278,"column":5}},"101":{"start":{"line":277,"column":6},"end":{"line":277,"column":12}},"102":{"start":{"line":280,"column":22},"end":{"line":280,"column":26}},"103":{"start":{"line":281,"column":15},"end":{"line":310,"column":6}},"104":{"start":{"line":282,"column":6},"end":{"line":284,"column":7}},"105":{"start":{"line":283,"column":8},"end":{"line":283,"column":14}},"106":{"start":{"line":285,"column":16},"end":{"line":285,"column":29}},"107":{"start":{"line":287,"column":6},"end":{"line":294,"column":7}},"108":{"start":{"line":288,"column":8},"end":{"line":293,"column":9}},"109":{"start":{"line":290,"column":10},"end":{"line":290,"column":46}},"110":{"start":{"line":291,"column":15},"end":{"line":293,"column":9}},"111":{"start":{"line":292,"column":10},"end":{"line":292,"column":40}},"112":{"start":{"line":296,"column":6},"end":{"line":309,"column":10}},"113":{"start":{"line":299,"column":10},"end":{"line":305,"column":11}},"114":{"start":{"line":304,"column":12},"end":{"line":304,"column":49}},"115":{"start":{"line":306,"column":10},"end":{"line":306,"column":41}},"116":{"start":{"line":308,"column":10},"end":{"line":308,"column":63}},"117":{"start":{"line":311,"column":4},"end":{"line":311,"column":28}},"118":{"start":{"line":318,"column":4},"end":{"line":318,"column":52}},"119":{"start":{"line":318,"column":41},"end":{"line":318,"column":52}},"120":{"start":{"line":319,"column":18},"end":{"line":319,"column":35}},"121":{"start":{"line":320,"column":4},"end":{"line":320,"column":29}},"122":{"start":{"line":320,"column":18},"end":{"line":320,"column":29}},"123":{"start":{"line":321,"column":4},"end":{"line":321,"column":42}},"124":{"start":{"line":325,"column":4},"end":{"line":327,"column":5}},"125":{"start":{"line":326,"column":6},"end":{"line":326,"column":55}},"126":{"start":{"line":328,"column":4},"end":{"line":337,"column":5}},"127":{"start":{"line":329,"column":6},"end":{"line":329,"column":36}},"128":{"start":{"line":331,"column":6},"end":{"line":331,"column":41}},"129":{"start":{"line":331,"column":30},"end":{"line":331,"column":41}},"130":{"start":{"line":332,"column":6},"end":{"line":332,"column":69}},"131":{"start":{"line":332,"column":30},"end":{"line":332,"column":69}},"132":{"start":{"line":333,"column":6},"end":{"line":335,"column":7}},"133":{"start":{"line":334,"column":8},"end":{"line":334,"column":54}},"134":{"start":{"line":336,"column":6},"end":{"line":336,"column":17}},"135":{"start":{"line":341,"column":19},"end":{"line":341,"column":23}},"136":{"start":{"line":343,"column":4},"end":{"line":345,"column":5}},"137":{"start":{"line":344,"column":6},"end":{"line":344,"column":32}},"138":{"start":{"line":347,"column":4},"end":{"line":350,"column":5}},"139":{"start":{"line":348,"column":6},"end":{"line":348,"column":64}},"140":{"start":{"line":348,"column":50},"end":{"line":348,"column":63}},"141":{"start":{"line":349,"column":6},"end":{"line":349,"column":37}},"142":{"start":{"line":351,"column":4},"end":{"line":351,"column":27}},"143":{"start":{"line":355,"column":76},"end":{"line":355,"column":80}},"144":{"start":{"line":361,"column":4},"end":{"line":369,"column":5}},"145":{"start":{"line":362,"column":6},"end":{"line":364,"column":7}},"146":{"start":{"line":363,"column":8},"end":{"line":363,"column":47}},"147":{"start":{"line":365,"column":6},"end":{"line":368,"column":7}},"148":{"start":{"line":366,"column":19},"end":{"line":366,"column":39}},"149":{"start":{"line":367,"column":8},"end":{"line":367,"column":23}},"150":{"start":{"line":373,"column":4},"end":{"line":373,"column":38}},"151":{"start":{"line":374,"column":4},"end":{"line":374,"column":44}},"152":{"start":{"line":377,"column":4},"end":{"line":381,"column":5}},"153":{"start":{"line":378,"column":57},"end":{"line":378,"column":62}},"154":{"start":{"line":379,"column":6},"end":{"line":379,"column":54}},"155":{"start":{"line":380,"column":6},"end":{"line":380,"column":39}},"156":{"start":{"line":386,"column":4},"end":{"line":389,"column":5}},"157":{"start":{"line":387,"column":6},"end":{"line":387,"column":44}},"158":{"start":{"line":388,"column":6},"end":{"line":388,"column":35}},"159":{"start":{"line":391,"column":4},"end":{"line":393,"column":5}},"160":{"start":{"line":392,"column":6},"end":{"line":392,"column":52}},"161":{"start":{"line":396,"column":4},"end":{"line":399,"column":5}},"162":{"start":{"line":398,"column":6},"end":{"line":398,"column":61}},"163":{"start":{"line":401,"column":28},"end":{"line":408,"column":5}},"164":{"start":{"line":413,"column":4},"end":{"line":415,"column":5}},"165":{"start":{"line":414,"column":6},"end":{"line":414,"column":71}},"166":{"start":{"line":420,"column":4},"end":{"line":422,"column":5}},"167":{"start":{"line":421,"column":6},"end":{"line":421,"column":43}},"168":{"start":{"line":427,"column":4},"end":{"line":429,"column":5}},"169":{"start":{"line":428,"column":6},"end":{"line":428,"column":45}},"170":{"start":{"line":434,"column":23},"end":{"line":434,"column":54}},"171":{"start":{"line":435,"column":4},"end":{"line":435,"column":61}},"172":{"start":{"line":438,"column":4},"end":{"line":438,"column":51}},"173":{"start":{"line":438,"column":28},"end":{"line":438,"column":51}},"174":{"start":{"line":443,"column":4},"end":{"line":443,"column":30}},"175":{"start":{"line":451,"column":4},"end":{"line":467,"column":5}},"176":{"start":{"line":452,"column":6},"end":{"line":452,"column":30}},"177":{"start":{"line":455,"column":26},"end":{"line":455,"column":65}},"178":{"start":{"line":456,"column":22},"end":{"line":458,"column":7}},"179":{"start":{"line":457,"column":8},"end":{"line":457,"column":35}},"180":{"start":{"line":460,"column":6},"end":{"line":460,"column":47}},"181":{"start":{"line":460,"column":22},"end":{"line":460,"column":47}},"182":{"start":{"line":462,"column":6},"end":{"line":464,"column":7}},"183":{"start":{"line":463,"column":8},"end":{"line":463,"column":36}},"184":{"start":{"line":466,"column":6},"end":{"line":466,"column":26}},"185":{"start":{"line":469,"column":22},"end":{"line":469,"column":24}},"186":{"start":{"line":475,"column":4},"end":{"line":480,"column":5}},"187":{"start":{"line":476,"column":25},"end":{"line":476,"column":59}},"188":{"start":{"line":477,"column":6},"end":{"line":479,"column":7}},"189":{"start":{"line":478,"column":8},"end":{"line":478,"column":19}},"190":{"start":{"line":483,"column":4},"end":{"line":485,"column":5}},"191":{"start":{"line":484,"column":6},"end":{"line":484,"column":50}},"192":{"start":{"line":490,"column":4},"end":{"line":492,"column":5}},"193":{"start":{"line":491,"column":6},"end":{"line":491,"column":43}},"194":{"start":{"line":494,"column":4},"end":{"line":496,"column":5}},"195":{"start":{"line":495,"column":6},"end":{"line":495,"column":36}},"196":{"start":{"line":498,"column":4},"end":{"line":498,"column":28}},"197":{"start":{"line":499,"column":4},"end":{"line":499,"column":24}},"198":{"start":{"line":502,"column":44},"end":{"line":502,"column":48}},"199":{"start":{"line":505,"column":4},"end":{"line":507,"column":5}},"200":{"start":{"line":506,"column":6},"end":{"line":506,"column":12}},"201":{"start":{"line":509,"column":4},"end":{"line":517,"column":5}},"202":{"start":{"line":510,"column":24},"end":{"line":515,"column":8}},"203":{"start":{"line":511,"column":8},"end":{"line":511,"column":26}},"204":{"start":{"line":512,"column":8},"end":{"line":514,"column":9}},"205":{"start":{"line":513,"column":10},"end":{"line":513,"column":35}},"206":{"start":{"line":516,"column":6},"end":{"line":516,"column":44}},"207":{"start":{"line":521,"column":21},"end":{"line":528,"column":8}},"208":{"start":{"line":522,"column":8},"end":{"line":522,"column":41}},"209":{"start":{"line":522,"column":35},"end":{"line":522,"column":41}},"210":{"start":{"line":523,"column":8},"end":{"line":527,"column":9}},"211":{"start":{"line":524,"column":10},"end":{"line":524,"column":28}},"212":{"start":{"line":526,"column":10},"end":{"line":526,"column":32}},"213":{"start":{"line":529,"column":6},"end":{"line":529,"column":41}},"214":{"start":{"line":533,"column":4},"end":{"line":536,"column":5}},"215":{"start":{"line":534,"column":21},"end":{"line":534,"column":72}},"216":{"start":{"line":535,"column":6},"end":{"line":535,"column":41}},"217":{"start":{"line":539,"column":4},"end":{"line":544,"column":5}},"218":{"start":{"line":540,"column":21},"end":{"line":542,"column":7}},"219":{"start":{"line":543,"column":6},"end":{"line":543,"column":41}},"220":{"start":{"line":548,"column":26},"end":{"line":548,"column":30}},"221":{"start":{"line":549,"column":32},"end":{"line":549,"column":45}},"222":{"start":{"line":551,"column":4},"end":{"line":555,"column":5}},"223":{"start":{"line":553,"column":6},"end":{"line":553,"column":32}},"224":{"start":{"line":554,"column":6},"end":{"line":554,"column":32}},"225":{"start":{"line":557,"column":4},"end":{"line":557,"column":28}},"226":{"start":{"line":558,"column":4},"end":{"line":558,"column":31}},"227":{"start":{"line":560,"column":4},"end":{"line":562,"column":5}},"228":{"start":{"line":561,"column":6},"end":{"line":561,"column":41}},"229":{"start":{"line":564,"column":4},"end":{"line":564,"column":28}},"230":{"start":{"line":565,"column":4},"end":{"line":565,"column":24}},"231":{"start":{"line":569,"column":4},"end":{"line":569,"column":26}},"232":{"start":{"line":570,"column":4},"end":{"line":570,"column":43}},"233":{"start":{"line":574,"column":4},"end":{"line":574,"column":37}},"234":{"start":{"line":574,"column":31},"end":{"line":574,"column":37}},"235":{"start":{"line":575,"column":4},"end":{"line":577,"column":5}},"236":{"start":{"line":576,"column":6},"end":{"line":576,"column":30}},"237":{"start":{"line":578,"column":15},"end":{"line":578,"column":34}},"238":{"start":{"line":579,"column":4},"end":{"line":579,"column":20}},"239":{"start":{"line":580,"column":4},"end":{"line":580,"column":38}},"240":{"start":{"line":581,"column":4},"end":{"line":581,"column":33}},"241":{"start":{"line":582,"column":4},"end":{"line":582,"column":36}},"242":{"start":{"line":583,"column":4},"end":{"line":586,"column":5}},"243":{"start":{"line":587,"column":4},"end":{"line":587,"column":53}},"244":{"start":{"line":587,"column":27},"end":{"line":587,"column":53}},"245":{"start":{"line":588,"column":4},"end":{"line":588,"column":55}},"246":{"start":{"line":592,"column":4},"end":{"line":592,"column":53}},"247":{"start":{"line":592,"column":27},"end":{"line":592,"column":53}},"248":{"start":{"line":593,"column":4},"end":{"line":593,"column":44}},"249":{"start":{"line":598,"column":20},"end":{"line":598,"column":70}},"250":{"start":{"line":600,"column":32},"end":{"line":677,"column":1}},"251":{"start":{"line":601,"column":17},"end":{"line":601,"column":22}},"252":{"start":{"line":602,"column":15},"end":{"line":614,"column":3}},"253":{"start":{"line":603,"column":4},"end":{"line":603,"column":24}},"254":{"start":{"line":603,"column":18},"end":{"line":603,"column":24}},"255":{"start":{"line":604,"column":4},"end":{"line":604,"column":19}},"256":{"start":{"line":605,"column":4},"end":{"line":612,"column":5}},"257":{"start":{"line":606,"column":6},"end":{"line":610,"column":7}},"258":{"start":{"line":607,"column":8},"end":{"line":609,"column":9}},"259":{"start":{"line":608,"column":10},"end":{"line":608,"column":42}},"260":{"start":{"line":611,"column":6},"end":{"line":611,"column":41}},"261":{"start":{"line":613,"column":4},"end":{"line":613,"column":47}},"262":{"start":{"line":615,"column":15},"end":{"line":618,"column":3}},"263":{"start":{"line":616,"column":4},"end":{"line":616,"column":20}},"264":{"start":{"line":617,"column":4},"end":{"line":617,"column":39}},"265":{"start":{"line":619,"column":12},"end":{"line":619,"column":21}},"266":{"start":{"line":620,"column":28},"end":{"line":674,"column":3}},"267":{"start":{"line":621,"column":4},"end":{"line":621,"column":46}},"268":{"start":{"line":621,"column":25},"end":{"line":621,"column":46}},"269":{"start":{"line":623,"column":4},"end":{"line":623,"column":58}},"270":{"start":{"line":623,"column":37},"end":{"line":623,"column":58}},"271":{"start":{"line":625,"column":4},"end":{"line":627,"column":5}},"272":{"start":{"line":626,"column":6},"end":{"line":626,"column":36}},"273":{"start":{"line":629,"column":24},"end":{"line":629,"column":73}},"274":{"start":{"line":632,"column":27},"end":{"line":632,"column":58}},"275":{"start":{"line":633,"column":31},"end":{"line":633,"column":35}},"276":{"start":{"line":635,"column":14},"end":{"line":637,"column":7}},"277":{"start":{"line":640,"column":8},"end":{"line":640,"column":33}},"278":{"start":{"line":644,"column":8},"end":{"line":646,"column":9}},"279":{"start":{"line":645,"column":10},"end":{"line":645,"column":43}},"280":{"start":{"line":649,"column":8},"end":{"line":655,"column":9}},"281":{"start":{"line":650,"column":10},"end":{"line":653,"column":11}},"282":{"start":{"line":651,"column":25},"end":{"line":651,"column":79}},"283":{"start":{"line":652,"column":12},"end":{"line":652,"column":51}},"284":{"start":{"line":652,"column":38},"end":{"line":652,"column":51}},"285":{"start":{"line":654,"column":10},"end":{"line":654,"column":21}},"286":{"start":{"line":656,"column":40},"end":{"line":656,"column":50}},"287":{"start":{"line":657,"column":8},"end":{"line":657,"column":76}},"288":{"start":{"line":661,"column":20},"end":{"line":663,"column":6}},"289":{"start":{"line":662,"column":6},"end":{"line":662,"column":74}},"290":{"start":{"line":669,"column":4},"end":{"line":669,"column":44}},"291":{"start":{"line":670,"column":4},"end":{"line":670,"column":36}},"292":{"start":{"line":671,"column":4},"end":{"line":671,"column":38}},"293":{"start":{"line":673,"column":4},"end":{"line":673,"column":20}},"294":{"start":{"line":676,"column":2},"end":{"line":676,"column":27}},"295":{"start":{"line":679,"column":26},"end":{"line":695,"column":1}},"296":{"start":{"line":680,"column":16},"end":{"line":680,"column":18}},"297":{"start":{"line":682,"column":2},"end":{"line":692,"column":3}},"298":{"start":{"line":683,"column":17},"end":{"line":683,"column":40}},"299":{"start":{"line":684,"column":4},"end":{"line":691,"column":5}},"300":{"start":{"line":685,"column":6},"end":{"line":690,"column":7}},"301":{"start":{"line":686,"column":8},"end":{"line":686,"column":30}},"302":{"start":{"line":688,"column":8},"end":{"line":688,"column":42}},"303":{"start":{"line":689,"column":8},"end":{"line":689,"column":19}},"304":{"start":{"line":694,"column":2},"end":{"line":694,"column":30}}},"fnMap":{"0":{"name":"(anonymous_0)","decl":{"start":{"line":16,"column":18},"end":{"line":16,"column":19}},"loc":{"start":{"line":16,"column":29},"end":{"line":16,"column":34}},"line":16},"1":{"name":"(anonymous_1)","decl":{"start":{"line":26,"column":2},"end":{"line":26,"column":3}},"loc":{"start":{"line":26,"column":33},"end":{"line":46,"column":3}},"line":26},"2":{"name":"(anonymous_2)","decl":{"start":{"line":48,"column":2},"end":{"line":48,"column":3}},"loc":{"start":{"line":48,"column":26},"end":{"line":56,"column":3}},"line":48},"3":{"name":"(anonymous_3)","decl":{"start":{"line":50,"column":32},"end":{"line":50,"column":33}},"loc":{"start":{"line":50,"column":39},"end":{"line":55,"column":5}},"line":50},"4":{"name":"(anonymous_4)","decl":{"start":{"line":58,"column":2},"end":{"line":58,"column":3}},"loc":{"start":{"line":58,"column":28},"end":{"line":64,"column":3}},"line":58},"5":{"name":"(anonymous_5)","decl":{"start":{"line":66,"column":2},"end":{"line":66,"column":3}},"loc":{"start":{"line":66,"column":30},"end":{"line":72,"column":3}},"line":66},"6":{"name":"(anonymous_6)","decl":{"start":{"line":75,"column":2},"end":{"line":75,"column":3}},"loc":{"start":{"line":75,"column":22},"end":{"line":98,"column":3}},"line":75},"7":{"name":"(anonymous_7)","decl":{"start":{"line":104,"column":2},"end":{"line":104,"column":3}},"loc":{"start":{"line":104,"column":31},"end":{"line":123,"column":3}},"line":104},"8":{"name":"(anonymous_8)","decl":{"start":{"line":125,"column":2},"end":{"line":125,"column":3}},"loc":{"start":{"line":125,"column":30},"end":{"line":130,"column":3}},"line":125},"9":{"name":"(anonymous_9)","decl":{"start":{"line":131,"column":2},"end":{"line":131,"column":3}},"loc":{"start":{"line":131,"column":17},"end":{"line":139,"column":3}},"line":131},"10":{"name":"(anonymous_10)","decl":{"start":{"line":140,"column":2},"end":{"line":140,"column":3}},"loc":{"start":{"line":140,"column":33},"end":{"line":158,"column":3}},"line":140},"11":{"name":"(anonymous_11)","decl":{"start":{"line":159,"column":2},"end":{"line":159,"column":3}},"loc":{"start":{"line":159,"column":29},"end":{"line":168,"column":3}},"line":159},"12":{"name":"(anonymous_12)","decl":{"start":{"line":177,"column":2},"end":{"line":177,"column":3}},"loc":{"start":{"line":177,"column":27},"end":{"line":234,"column":3}},"line":177},"13":{"name":"(anonymous_13)","decl":{"start":{"line":239,"column":2},"end":{"line":239,"column":3}},"loc":{"start":{"line":239,"column":28},"end":{"line":256,"column":3}},"line":239},"14":{"name":"(anonymous_14)","decl":{"start":{"line":261,"column":2},"end":{"line":261,"column":3}},"loc":{"start":{"line":261,"column":27},"end":{"line":268,"column":3}},"line":261},"15":{"name":"(anonymous_15)","decl":{"start":{"line":272,"column":2},"end":{"line":272,"column":3}},"loc":{"start":{"line":272,"column":24},"end":{"line":312,"column":3}},"line":272},"16":{"name":"(anonymous_16)","decl":{"start":{"line":281,"column":24},"end":{"line":281,"column":25}},"loc":{"start":{"line":281,"column":32},"end":{"line":310,"column":5}},"line":281},"17":{"name":"(anonymous_17)","decl":{"start":{"line":298,"column":14},"end":{"line":298,"column":15}},"loc":{"start":{"line":298,"column":25},"end":{"line":307,"column":9}},"line":298},"18":{"name":"(anonymous_18)","decl":{"start":{"line":307,"column":17},"end":{"line":307,"column":18}},"loc":{"start":{"line":307,"column":26},"end":{"line":309,"column":9}},"line":307},"19":{"name":"(anonymous_19)","decl":{"start":{"line":317,"column":2},"end":{"line":317,"column":3}},"loc":{"start":{"line":317,"column":16},"end":{"line":322,"column":3}},"line":317},"20":{"name":"(anonymous_20)","decl":{"start":{"line":324,"column":2},"end":{"line":324,"column":3}},"loc":{"start":{"line":324,"column":15},"end":{"line":338,"column":3}},"line":324},"21":{"name":"(anonymous_21)","decl":{"start":{"line":340,"column":2},"end":{"line":340,"column":3}},"loc":{"start":{"line":340,"column":12},"end":{"line":352,"column":3}},"line":340},"22":{"name":"(anonymous_22)","decl":{"start":{"line":348,"column":35},"end":{"line":348,"column":36}},"loc":{"start":{"line":348,"column":50},"end":{"line":348,"column":63}},"line":348},"23":{"name":"(anonymous_23)","decl":{"start":{"line":354,"column":2},"end":{"line":354,"column":3}},"loc":{"start":{"line":354,"column":21},"end":{"line":500,"column":3}},"line":354},"24":{"name":"(anonymous_24)","decl":{"start":{"line":456,"column":60},"end":{"line":456,"column":61}},"loc":{"start":{"line":457,"column":8},"end":{"line":457,"column":35}},"line":457},"25":{"name":"(anonymous_25)","decl":{"start":{"line":501,"column":2},"end":{"line":501,"column":3}},"loc":{"start":{"line":501,"column":22},"end":{"line":545,"column":3}},"line":501},"26":{"name":"(anonymous_26)","decl":{"start":{"line":510,"column":40},"end":{"line":510,"column":41}},"loc":{"start":{"line":510,"column":48},"end":{"line":515,"column":7}},"line":510},"27":{"name":"(anonymous_27)","decl":{"start":{"line":521,"column":42},"end":{"line":521,"column":43}},"loc":{"start":{"line":521,"column":54},"end":{"line":528,"column":7}},"line":521},"28":{"name":"(anonymous_28)","decl":{"start":{"line":547,"column":2},"end":{"line":547,"column":3}},"loc":{"start":{"line":547,"column":29},"end":{"line":566,"column":3}},"line":547},"29":{"name":"(anonymous_29)","decl":{"start":{"line":567,"column":2},"end":{"line":567,"column":3}},"loc":{"start":{"line":567,"column":11},"end":{"line":571,"column":3}},"line":567},"30":{"name":"(anonymous_30)","decl":{"start":{"line":573,"column":2},"end":{"line":573,"column":3}},"loc":{"start":{"line":573,"column":31},"end":{"line":589,"column":3}},"line":573},"31":{"name":"(anonymous_31)","decl":{"start":{"line":591,"column":2},"end":{"line":591,"column":3}},"loc":{"start":{"line":591,"column":11},"end":{"line":594,"column":3}},"line":591},"32":{"name":"(anonymous_32)","decl":{"start":{"line":600,"column":32},"end":{"line":600,"column":33}},"loc":{"start":{"line":600,"column":40},"end":{"line":677,"column":1}},"line":600},"33":{"name":"(anonymous_33)","decl":{"start":{"line":602,"column":15},"end":{"line":602,"column":16}},"loc":{"start":{"line":602,"column":21},"end":{"line":614,"column":3}},"line":602},"34":{"name":"(anonymous_34)","decl":{"start":{"line":605,"column":26},"end":{"line":605,"column":27}},"loc":{"start":{"line":605,"column":45},"end":{"line":612,"column":5}},"line":605},"35":{"name":"(anonymous_35)","decl":{"start":{"line":615,"column":15},"end":{"line":615,"column":16}},"loc":{"start":{"line":615,"column":21},"end":{"line":618,"column":3}},"line":615},"36":{"name":"(anonymous_36)","decl":{"start":{"line":620,"column":28},"end":{"line":620,"column":29}},"loc":{"start":{"line":620,"column":46},"end":{"line":674,"column":3}},"line":620},"37":{"name":"(anonymous_37)","decl":{"start":{"line":639,"column":6},"end":{"line":639,"column":7}},"loc":{"start":{"line":639,"column":40},"end":{"line":641,"column":7}},"line":639},"38":{"name":"(anonymous_38)","decl":{"start":{"line":643,"column":6},"end":{"line":643,"column":7}},"loc":{"start":{"line":643,"column":31},"end":{"line":647,"column":7}},"line":643},"39":{"name":"(anonymous_39)","decl":{"start":{"line":648,"column":6},"end":{"line":648,"column":7}},"loc":{"start":{"line":648,"column":15},"end":{"line":658,"column":7}},"line":648},"40":{"name":"(anonymous_40)","decl":{"start":{"line":661,"column":37},"end":{"line":661,"column":38}},"loc":{"start":{"line":661,"column":53},"end":{"line":663,"column":5}},"line":661},"41":{"name":"(anonymous_41)","decl":{"start":{"line":679,"column":26},"end":{"line":679,"column":27}},"loc":{"start":{"line":679,"column":34},"end":{"line":695,"column":1}},"line":679},"42":{"name":"(anonymous_42)","decl":{"start":{"line":684,"column":19},"end":{"line":684,"column":20}},"loc":{"start":{"line":684,"column":30},"end":{"line":691,"column":5}},"line":684}},"branchMap":{"0":{"loc":{"start":{"line":12,"column":2},"end":{"line":14,"column":35}},"type":"cond-expr","locations":[{"start":{"line":13,"column":6},"end":{"line":13,"column":35}},{"start":{"line":14,"column":6},"end":{"line":14,"column":35}}],"line":12},"1":{"loc":{"start":{"line":38,"column":4},"end":{"line":41,"column":5}},"type":"if","locations":[{"start":{"line":38,"column":4},"end":{"line":41,"column":5}},{"start":{},"end":{}}],"line":38},"2":{"loc":{"start":{"line":52,"column":6},"end":{"line":54,"column":7}},"type":"if","locations":[{"start":{"line":52,"column":6},"end":{"line":54,"column":7}},{"start":{},"end":{}}],"line":52},"3":{"loc":{"start":{"line":52,"column":10},"end":{"line":52,"column":65}},"type":"binary-expr","locations":[{"start":{"line":52,"column":10},"end":{"line":52,"column":34}},{"start":{"line":52,"column":38},"end":{"line":52,"column":65}}],"line":52},"4":{"loc":{"start":{"line":59,"column":4},"end":{"line":61,"column":5}},"type":"if","locations":[{"start":{"line":59,"column":4},"end":{"line":61,"column":5}},{"start":{},"end":{}}],"line":59},"5":{"loc":{"start":{"line":67,"column":4},"end":{"line":69,"column":5}},"type":"if","locations":[{"start":{"line":67,"column":4},"end":{"line":69,"column":5}},{"start":{},"end":{}}],"line":67},"6":{"loc":{"start":{"line":84,"column":4},"end":{"line":89,"column":5}},"type":"if","locations":[{"start":{"line":84,"column":4},"end":{"line":89,"column":5}},{"start":{},"end":{}}],"line":84},"7":{"loc":{"start":{"line":85,"column":6},"end":{"line":87,"column":7}},"type":"if","locations":[{"start":{"line":85,"column":6},"end":{"line":87,"column":7}},{"start":{},"end":{}}],"line":85},"8":{"loc":{"start":{"line":85,"column":10},"end":{"line":85,"column":53}},"type":"binary-expr","locations":[{"start":{"line":85,"column":10},"end":{"line":85,"column":26}},{"start":{"line":85,"column":30},"end":{"line":85,"column":53}}],"line":85},"9":{"loc":{"start":{"line":92,"column":4},"end":{"line":94,"column":5}},"type":"if","locations":[{"start":{"line":92,"column":4},"end":{"line":94,"column":5}},{"start":{},"end":{}}],"line":92},"10":{"loc":{"start":{"line":96,"column":18},"end":{"line":96,"column":49}},"type":"binary-expr","locations":[{"start":{"line":96,"column":18},"end":{"line":96,"column":30}},{"start":{"line":96,"column":34},"end":{"line":96,"column":49}}],"line":96},"11":{"loc":{"start":{"line":107,"column":4},"end":{"line":122,"column":5}},"type":"if","locations":[{"start":{"line":107,"column":4},"end":{"line":122,"column":5}},{"start":{"line":116,"column":11},"end":{"line":122,"column":5}}],"line":107},"12":{"loc":{"start":{"line":108,"column":6},"end":{"line":111,"column":7}},"type":"if","locations":[{"start":{"line":108,"column":6},"end":{"line":111,"column":7}},{"start":{},"end":{}}],"line":108},"13":{"loc":{"start":{"line":108,"column":10},"end":{"line":108,"column":49}},"type":"binary-expr","locations":[{"start":{"line":108,"column":10},"end":{"line":108,"column":16}},{"start":{"line":108,"column":20},"end":{"line":108,"column":49}}],"line":108},"14":{"loc":{"start":{"line":116,"column":11},"end":{"line":122,"column":5}},"type":"if","locations":[{"start":{"line":116,"column":11},"end":{"line":122,"column":5}},{"start":{},"end":{}}],"line":116},"15":{"loc":{"start":{"line":117,"column":6},"end":{"line":121,"column":7}},"type":"if","locations":[{"start":{"line":117,"column":6},"end":{"line":121,"column":7}},{"start":{"line":119,"column":13},"end":{"line":121,"column":7}}],"line":117},"16":{"loc":{"start":{"line":117,"column":10},"end":{"line":117,"column":47}},"type":"binary-expr","locations":[{"start":{"line":117,"column":10},"end":{"line":117,"column":15}},{"start":{"line":117,"column":19},"end":{"line":117,"column":47}}],"line":117},"17":{"loc":{"start":{"line":126,"column":4},"end":{"line":128,"column":5}},"type":"if","locations":[{"start":{"line":126,"column":4},"end":{"line":128,"column":5}},{"start":{},"end":{}}],"line":126},"18":{"loc":{"start":{"line":133,"column":4},"end":{"line":138,"column":5}},"type":"if","locations":[{"start":{"line":133,"column":4},"end":{"line":138,"column":5}},{"start":{"line":136,"column":11},"end":{"line":138,"column":5}}],"line":133},"19":{"loc":{"start":{"line":136,"column":11},"end":{"line":138,"column":5}},"type":"if","locations":[{"start":{"line":136,"column":11},"end":{"line":138,"column":5}},{"start":{},"end":{}}],"line":136},"20":{"loc":{"start":{"line":143,"column":4},"end":{"line":150,"column":5}},"type":"if","locations":[{"start":{"line":143,"column":4},"end":{"line":150,"column":5}},{"start":{},"end":{}}],"line":143},"21":{"loc":{"start":{"line":143,"column":8},"end":{"line":143,"column":34}},"type":"binary-expr","locations":[{"start":{"line":143,"column":8},"end":{"line":143,"column":15}},{"start":{"line":143,"column":19},"end":{"line":143,"column":34}}],"line":143},"22":{"loc":{"start":{"line":145,"column":6},"end":{"line":149,"column":7}},"type":"if","locations":[{"start":{"line":145,"column":6},"end":{"line":149,"column":7}},{"start":{},"end":{}}],"line":145},"23":{"loc":{"start":{"line":152,"column":4},"end":{"line":157,"column":5}},"type":"if","locations":[{"start":{"line":152,"column":4},"end":{"line":157,"column":5}},{"start":{"line":155,"column":11},"end":{"line":157,"column":5}}],"line":152},"24":{"loc":{"start":{"line":155,"column":11},"end":{"line":157,"column":5}},"type":"if","locations":[{"start":{"line":155,"column":11},"end":{"line":157,"column":5}},{"start":{},"end":{}}],"line":155},"25":{"loc":{"start":{"line":162,"column":4},"end":{"line":167,"column":5}},"type":"if","locations":[{"start":{"line":162,"column":4},"end":{"line":167,"column":5}},{"start":{"line":165,"column":11},"end":{"line":167,"column":5}}],"line":162},"26":{"loc":{"start":{"line":165,"column":11},"end":{"line":167,"column":5}},"type":"if","locations":[{"start":{"line":165,"column":11},"end":{"line":167,"column":5}},{"start":{},"end":{}}],"line":165},"27":{"loc":{"start":{"line":177,"column":13},"end":{"line":177,"column":25}},"type":"default-arg","locations":[{"start":{"line":177,"column":23},"end":{"line":177,"column":25}}],"line":177},"28":{"loc":{"start":{"line":183,"column":4},"end":{"line":185,"column":5}},"type":"if","locations":[{"start":{"line":183,"column":4},"end":{"line":185,"column":5}},{"start":{},"end":{}}],"line":183},"29":{"loc":{"start":{"line":183,"column":8},"end":{"line":183,"column":61}},"type":"binary-expr","locations":[{"start":{"line":183,"column":8},"end":{"line":183,"column":11}},{"start":{"line":183,"column":15},"end":{"line":183,"column":61}}],"line":183},"30":{"loc":{"start":{"line":188,"column":4},"end":{"line":190,"column":5}},"type":"if","locations":[{"start":{"line":188,"column":4},"end":{"line":190,"column":5}},{"start":{},"end":{}}],"line":188},"31":{"loc":{"start":{"line":205,"column":4},"end":{"line":207,"column":5}},"type":"if","locations":[{"start":{"line":205,"column":4},"end":{"line":207,"column":5}},{"start":{},"end":{}}],"line":205},"32":{"loc":{"start":{"line":205,"column":8},"end":{"line":205,"column":66}},"type":"binary-expr","locations":[{"start":{"line":205,"column":8},"end":{"line":205,"column":24}},{"start":{"line":205,"column":28},"end":{"line":205,"column":66}}],"line":205},"33":{"loc":{"start":{"line":206,"column":39},"end":{"line":206,"column":71}},"type":"binary-expr","locations":[{"start":{"line":206,"column":39},"end":{"line":206,"column":65}},{"start":{"line":206,"column":69},"end":{"line":206,"column":71}}],"line":206},"34":{"loc":{"start":{"line":210,"column":19},"end":{"line":210,"column":65}},"type":"cond-expr","locations":[{"start":{"line":210,"column":38},"end":{"line":210,"column":50}},{"start":{"line":210,"column":53},"end":{"line":210,"column":65}}],"line":210},"35":{"loc":{"start":{"line":211,"column":21},"end":{"line":211,"column":83}},"type":"cond-expr","locations":[{"start":{"line":211,"column":59},"end":{"line":211,"column":72}},{"start":{"line":211,"column":75},"end":{"line":211,"column":83}}],"line":211},"36":{"loc":{"start":{"line":219,"column":4},"end":{"line":221,"column":5}},"type":"if","locations":[{"start":{"line":219,"column":4},"end":{"line":221,"column":5}},{"start":{},"end":{}}],"line":219},"37":{"loc":{"start":{"line":226,"column":4},"end":{"line":231,"column":5}},"type":"if","locations":[{"start":{"line":226,"column":4},"end":{"line":231,"column":5}},{"start":{},"end":{}}],"line":226},"38":{"loc":{"start":{"line":228,"column":28},"end":{"line":229,"column":87}},"type":"cond-expr","locations":[{"start":{"line":229,"column":10},"end":{"line":229,"column":63}},{"start":{"line":229,"column":66},"end":{"line":229,"column":87}}],"line":228},"39":{"loc":{"start":{"line":244,"column":4},"end":{"line":246,"column":5}},"type":"if","locations":[{"start":{"line":244,"column":4},"end":{"line":246,"column":5}},{"start":{},"end":{}}],"line":244},"40":{"loc":{"start":{"line":244,"column":8},"end":{"line":244,"column":61}},"type":"binary-expr","locations":[{"start":{"line":244,"column":8},"end":{"line":244,"column":11}},{"start":{"line":244,"column":15},"end":{"line":244,"column":61}}],"line":244},"41":{"loc":{"start":{"line":247,"column":4},"end":{"line":250,"column":5}},"type":"if","locations":[{"start":{"line":247,"column":4},"end":{"line":250,"column":5}},{"start":{},"end":{}}],"line":247},"42":{"loc":{"start":{"line":248,"column":19},"end":{"line":248,"column":48}},"type":"cond-expr","locations":[{"start":{"line":248,"column":39},"end":{"line":248,"column":42}},{"start":{"line":248,"column":45},"end":{"line":248,"column":48}}],"line":248},"43":{"loc":{"start":{"line":273,"column":14},"end":{"line":273,"column":37}},"type":"binary-expr","locations":[{"start":{"line":273,"column":14},"end":{"line":273,"column":21}},{"start":{"line":273,"column":25},"end":{"line":273,"column":37}}],"line":273},"44":{"loc":{"start":{"line":276,"column":4},"end":{"line":278,"column":5}},"type":"if","locations":[{"start":{"line":276,"column":4},"end":{"line":278,"column":5}},{"start":{},"end":{}}],"line":276},"45":{"loc":{"start":{"line":282,"column":6},"end":{"line":284,"column":7}},"type":"if","locations":[{"start":{"line":282,"column":6},"end":{"line":284,"column":7}},{"start":{},"end":{}}],"line":282},"46":{"loc":{"start":{"line":287,"column":6},"end":{"line":294,"column":7}},"type":"if","locations":[{"start":{"line":287,"column":6},"end":{"line":294,"column":7}},{"start":{},"end":{}}],"line":287},"47":{"loc":{"start":{"line":288,"column":8},"end":{"line":293,"column":9}},"type":"if","locations":[{"start":{"line":288,"column":8},"end":{"line":293,"column":9}},{"start":{"line":291,"column":15},"end":{"line":293,"column":9}}],"line":288},"48":{"loc":{"start":{"line":291,"column":15},"end":{"line":293,"column":9}},"type":"if","locations":[{"start":{"line":291,"column":15},"end":{"line":293,"column":9}},{"start":{},"end":{}}],"line":291},"49":{"loc":{"start":{"line":299,"column":10},"end":{"line":305,"column":11}},"type":"if","locations":[{"start":{"line":299,"column":10},"end":{"line":305,"column":11}},{"start":{},"end":{}}],"line":299},"50":{"loc":{"start":{"line":318,"column":4},"end":{"line":318,"column":52}},"type":"if","locations":[{"start":{"line":318,"column":4},"end":{"line":318,"column":52}},{"start":{},"end":{}}],"line":318},"51":{"loc":{"start":{"line":318,"column":8},"end":{"line":318,"column":39}},"type":"binary-expr","locations":[{"start":{"line":318,"column":8},"end":{"line":318,"column":12}},{"start":{"line":318,"column":16},"end":{"line":318,"column":39}}],"line":318},"52":{"loc":{"start":{"line":320,"column":4},"end":{"line":320,"column":29}},"type":"if","locations":[{"start":{"line":320,"column":4},"end":{"line":320,"column":29}},{"start":{},"end":{}}],"line":320},"53":{"loc":{"start":{"line":325,"column":4},"end":{"line":327,"column":5}},"type":"if","locations":[{"start":{"line":325,"column":4},"end":{"line":327,"column":5}},{"start":{},"end":{}}],"line":325},"54":{"loc":{"start":{"line":325,"column":8},"end":{"line":325,"column":55}},"type":"binary-expr","locations":[{"start":{"line":325,"column":8},"end":{"line":325,"column":26}},{"start":{"line":325,"column":30},"end":{"line":325,"column":55}}],"line":325},"55":{"loc":{"start":{"line":331,"column":6},"end":{"line":331,"column":41}},"type":"if","locations":[{"start":{"line":331,"column":6},"end":{"line":331,"column":41}},{"start":{},"end":{}}],"line":331},"56":{"loc":{"start":{"line":332,"column":6},"end":{"line":332,"column":69}},"type":"if","locations":[{"start":{"line":332,"column":6},"end":{"line":332,"column":69}},{"start":{},"end":{}}],"line":332},"57":{"loc":{"start":{"line":333,"column":6},"end":{"line":335,"column":7}},"type":"if","locations":[{"start":{"line":333,"column":6},"end":{"line":335,"column":7}},{"start":{},"end":{}}],"line":333},"58":{"loc":{"start":{"line":334,"column":15},"end":{"line":334,"column":54}},"type":"binary-expr","locations":[{"start":{"line":334,"column":15},"end":{"line":334,"column":37}},{"start":{"line":334,"column":41},"end":{"line":334,"column":54}}],"line":334},"59":{"loc":{"start":{"line":343,"column":4},"end":{"line":345,"column":5}},"type":"if","locations":[{"start":{"line":343,"column":4},"end":{"line":345,"column":5}},{"start":{},"end":{}}],"line":343},"60":{"loc":{"start":{"line":347,"column":4},"end":{"line":350,"column":5}},"type":"if","locations":[{"start":{"line":347,"column":4},"end":{"line":350,"column":5}},{"start":{},"end":{}}],"line":347},"61":{"loc":{"start":{"line":361,"column":4},"end":{"line":369,"column":5}},"type":"if","locations":[{"start":{"line":361,"column":4},"end":{"line":369,"column":5}},{"start":{},"end":{}}],"line":361},"62":{"loc":{"start":{"line":362,"column":6},"end":{"line":364,"column":7}},"type":"if","locations":[{"start":{"line":362,"column":6},"end":{"line":364,"column":7}},{"start":{},"end":{}}],"line":362},"63":{"loc":{"start":{"line":365,"column":6},"end":{"line":368,"column":7}},"type":"if","locations":[{"start":{"line":365,"column":6},"end":{"line":368,"column":7}},{"start":{},"end":{}}],"line":365},"64":{"loc":{"start":{"line":366,"column":19},"end":{"line":366,"column":39}},"type":"binary-expr","locations":[{"start":{"line":366,"column":19},"end":{"line":366,"column":26}},{"start":{"line":366,"column":30},"end":{"line":366,"column":39}}],"line":366},"65":{"loc":{"start":{"line":377,"column":4},"end":{"line":381,"column":5}},"type":"if","locations":[{"start":{"line":377,"column":4},"end":{"line":381,"column":5}},{"start":{},"end":{}}],"line":377},"66":{"loc":{"start":{"line":377,"column":8},"end":{"line":377,"column":68}},"type":"binary-expr","locations":[{"start":{"line":377,"column":8},"end":{"line":377,"column":13}},{"start":{"line":377,"column":17},"end":{"line":377,"column":43}},{"start":{"line":377,"column":47},"end":{"line":377,"column":68}}],"line":377},"67":{"loc":{"start":{"line":386,"column":4},"end":{"line":389,"column":5}},
[...]
"start":{"line":649,"column":8},"end":{"line":655,"column":9}},"type":"if","locations":[{"start":{"line":649,"column":8},"end":{"line":655,"column":9}},{"start":{},"end":{}}],"line":649},"113":{"loc":{"start":{"line":650,"column":10},"end":{"line":653,"column":11}},"type":"if","locations":[{"start":{"line":650,"column":10},"end":{"line":653,"column":11}},{"start":{},"end":{}}],"line":650},"114":{"loc":{"start":{"line":652,"column":12},"end":{"line":652,"column":51}},"type":"if","locations":[{"start":{"line":652,"column":12},"end":{"line":652,"column":51}},{"start":{},"end":{}}],"line":652}},"s":{"0":1,"1":1,"2":0,"3":1,"4":1,"5":1,"6":1,"7":1,"8":1,"9":1,"10":1,"11":1,"12":1,"13":1,"14":1,"15":13,"16":13,"17":0,"18":0,"19":0,"20":0,"21":0,"22":0,"23":0,"24":0,"25":0,"26":0,"27":0,"28":0,"29":0,"30":0,"31":0,"32":0,"33":0,"34":0,"35":0,"36":0,"37":0,"38":0,"39":0,"40":0,"41":0,"42":0,"43":0,"44":0,"45":0,"46":0,"47":0,"48":0,"49":0,"50":0,"51":0,"52":0,"53":0,"54":0,"55":0,"56":0,"57":0,"58":0,"59":0,"60":0,"61":0,"62":0,"63":0,"64":0,"65":0,"66":0,"67":0,"68":0,"69":0,"70":0,"71":0,"72":0,"73":0,"74":0,"75":0,"76":0,"77":0,"78":0,"79":0,"80":0,"81":0,"82":0,"83":0,"84":0,"85":0,"86":0,"87":0,"88":0,"89":0,"90":0,"91":0,"92":0,"93":0,"94":0,"95":0,"96":0,"97":0,"98":0,"99":0,"100":0,"101":0,"102":0,"103":0,"104":0,"105":0,"106":0,"107":0,"108":0,"109":0,"110":0,"111":0,"112":0,"113":0,"114":0,"115":0,"116":0,"117":0,"118":0,"119":0,"120":0,"121":0,"122":0,"123":0,"124":1,"125":0,"126":1,"127":1,"128":0,"129":0,"130":0,"131":0,"132":0,"133":0,"134":0,"135":0,"136":0,"137":0,"138":0,"139":0,"140":0,"141":0,"142":0,"143":1,"144":1,"145":0,"146":0,"147":0,"148":0,"149":0,"150":1,"151":1,"152":1,"153":0,"154":0,"155":0,"156":1,"157":1,"158":1,"159":1,"160":0,"161":1,"162":0,"163":1,"164":1,"165":0,"166":1,"167":0,"168":1,"169":0,"170":1,"171":1,"172":1,"173":0,"174":1,"175":1,"176":1,"177":1,"178":1,"179":0,"180":1,"181":0,"182":1,"183":1,"184":1,"185":0,"186":0,"187":0,"188":0,"189":0,"190":0,"191":0,"192":0,"193":0,"194":0,"195":0,"196":0,"197":0,"198":1,"199":1,"200":0,"201":1,"202":1,"203":0,"204":0,"205":0,"206":1,"207":1,"208":0,"209":0,"210":0,"211":0,"212":0,"213":1,"214":1,"215":0,"216":0,"217":1,"218":0,"219":0,"220":0,"221":0,"222":0,"223":0,"224":0,"225":0,"226":0,"227":0,"228":0,"229":0,"230":0,"231":0,"232":0,"233":0,"234":0,"235":0,"236":0,"237":0,"238":0,"239":0,"240":0,"241":0,"242":0,"243":0,"244":0,"245":0,"246":1,"247":0,"248":1,"249":1,"250":1,"251":0,"252":0,"253":0,"254":0,"255":0,"256":0,"257":0,"258":0,"259":0,"260":0,"261":0,"262":0,"263":0,"264":0,"265":0,"266":0,"267":0,"268":0,"269":0,"270":0,"271":0,"272":0,"273":0,"274":0,"275":0,"276":0,"277":0,"278":0,"279":0,"280":0,"281":0,"282":0,"283":0,"284":0,"285":0,"286":0,"287":0,"288":0,"289":0,"290":0,"291":0,"292":0,"293":0,"294":0,"295":1,"296":0,"297":0,"298":0,"299":0,"300":0,"301":0,"302":0,"303":0,"304":0},"f":{"0":0,"1":1,"2":1,"3":13,"4":0,"5":0,"6":0,"7":0,"8":0,"9":0,"10":0,"11":0,"12":0,"13":0,"14":0,"15":0,"16":0,"17":0,"18":0,"19":0,"20":1,"21":0,"22":0,"23":1,"24":0,"25":1,"26":0,"27":0,"28":0,"29":0,"30":0,"31":1,"32":0,"33":0,"34":0,"35":0,"36":0,"37":0,"38":0,"39":0,"40":0,"41":0,"42":0},"b":{"0":[1,0],"1":[1,0],"2":[0,13],"3":[13,1],"4":[0,0],"5":[0,0],"6":[0,0],"7":[0,0],"8":[0,0],"9":[0,0],"10":[0,0],"11":[0,0],"12":[0,0],"13":[0,0],"14":[0,0],"15":[0,0],"16":[0,0],"17":[0,0],"18":[0,0],"19":[0,0],"20":[0,0],"21":[0,0],"22":[0,0],"23":[0,0],"24":[0,0],"25":[0,0],"26":[0,0],"27":[0],"28":[0,0],"29":[0,0],"30":[0,0],"31":[0,0],"32":[0,0],"33":[0,0],"34":[0,0],"35":[0,0],"36":[0,0],"37":[0,0],"38":[0,0],"39":[0,0],"40":[0,0],"41":[0,0],"42":[0,0],"43":[0,0],"44":[0,0],"45":[0,0],"46":[0,0],"47":[0,0],"48":[0,0],"49":[0,0],"50":[0,0],"51":[0,0],"52":[0,0],"53":[0,1],"54":[1,1],"55":[0,0],"56":[0,0],"57":[0,0],"58":[0,0],"59":[0,0],"60":[0,0],"61":[0,1],"62":[0,0],"63":[0,0],"64":[0,0],"65":[0,1],"66":[1,0,0],"67":[1,0],"68":[0,1],"69":[0,1],"70":[1,0],"71":[0,1],"72":[1,0],"73":[0,1],"74":[1,1],"75":[0,1],"76":[0,1],"77":[1,0],"78":[1,0],"79":[1,1],"80":[0,1],"81":[1,0],"82":[0,0],"83":[0,0],"84":[0,0],"85":[0,0],"86":[0,0],"87":[0,1],"88":[1,1],"89":[1,0],"90":[0,0],"91":[0,0],"92":[0,0],"93":[0,1],"94":[0,1],"95":[0,0],"96":[0,0],"97":[0],"98":[0,0],"99":[0,0],"100":[0,0],"101":[0,0],"102":[0,1],"103":[1,1],"104":[0,0],"105":[0,0],"106":[0,0],"107":[0,0],"108":[0,0],"109":[0,0],"110":[0,0],"111":[0,0],"112":[0,0],"113":[0,0],"114":[0,0]},"_coverageSchema":"1a1c01bbd47fc00a2c39e90264f33305004495a9","hash":"638097a6c34fe721d00b327e004000bbe8cac2f8"},"D:\\Users\\yj_gu\\Documents\\code\\github\\react-imvc-v2\\hoc\\lazy.tsx":{"path":"D:\\Users\\yj_gu\\Documents\\code\\github\\react-imvc-v2\\hoc\\lazy.tsx","statementMap":{"0":{"start":{"line":3,"column":24},"end":{"line":3,"column":53}},"1":{"start":{"line":8,"column":20},"end":{"line":8,"column":43}},"2":{"start":{"line":9,"column":22},"end":{"line":11,"column":3}},"3":{"start":{"line":10,"column":4},"end":{"line":10,"column":29}},"4":{"start":{"line":12,"column":25},"end":{"line":17,"column":3}},"5":{"start":{"line":13,"column":18},"end":{"line":13,"column":45}},"6":{"start":{"line":14,"column":4},"end":{"line":16,"column":5}},"7":{"start":{"line":15,"column":6},"end":{"line":15,"column":33}},"8":{"start":{"line":18,"column":18},"end":{"line":21,"column":3}},"9":{"start":{"line":19,"column":4},"end":{"line":19,"column":48}},"10":{"start":{"line":19,"column":36},"end":{"line":19,"column":46}},"11":{"start":{"line":20,"column":4},"end":{"line":20,"column":25}},"12":{"start":{"line":23,"column":28},"end":{"line":23,"column":32}},"13":{"start":{"line":25,"column":15},"end":{"line":36,"column":3}},"14":{"start":{"line":26,"column":4},"end":{"line":28,"column":5}},"15":{"start":{"line":27,"column":6},"end":{"line":27,"column":13}},"16":{"start":{"line":30,"column":19},"end":{"line":30,"column":33}},"17":{"start":{"line":31,"column":4},"end":{"line":31,"column":31}},"18":{"start":{"line":33,"column":4},"end":{"line":35,"column":5}},"19":{"start":{"line":34,"column":6},"end":{"line":34,"column":16}},"20":{"start":{"line":42,"column":15},"end":{"line":58,"column":3}},"21":{"start":{"line":43,"column":41},"end":{"line":43,"column":46}},"22":{"start":{"line":44,"column":28},"end":{"line":44,"column":61}},"23":{"start":{"line":44,"column":52},"end":{"line":44,"column":57}},"24":{"start":{"line":46,"column":4},"end":{"line":51,"column":11}},"25":{"start":{"line":47,"column":6},"end":{"line":47,"column":31}},"26":{"start":{"line":48,"column":6},"end":{"line":50,"column":8}},"27":{"start":{"line":49,"column":8},"end":{"line":49,"column":36}},"28":{"start":{"line":53,"column":4},"end":{"line":55,"column":5}},"29":{"start":{"line":54,"column":6},"end":{"line":54,"column":66}},"30":{"start":{"line":57,"column":4},"end":{"line":57,"column":20}},"31":{"start":{"line":60,"column":2},"end":{"line":60,"column":19}},"32":{"start":{"line":61,"column":2},"end":{"line":61,"column":28}},"33":{"start":{"line":63,"column":2},"end":{"line":63,"column":14}}},"fnMap":{"0":{"name":"lazy","decl":{"start":{"line":5,"column":16},"end":{"line":5,"column":20}},"loc":{"start":{"line":7,"column":2},"end":{"line":64,"column":1}},"line":7},"1":{"name":"(anonymous_1)","decl":{"start":{"line":9,"column":22},"end":{"line":9,"column":23}},"loc":{"start":{"line":9,"column":48},"end":{"line":11,"column":3}},"line":9},"2":{"name":"(anonymous_2)","decl":{"start":{"line":12,"column":25},"end":{"line":12,"column":26}},"loc":{"start":{"line":12,"column":51},"end":{"line":17,"column":3}},"line":12},"3":{"name":"(anonymous_3)","decl":{"start":{"line":18,"column":18},"end":{"line":18,"column":19}},"loc":{"start":{"line":18,"column":24},"end":{"line":21,"column":3}},"line":18},"4":{"name":"(anonymous_4)","decl":{"start":{"line":19,"column":22},"end":{"line":19,"column":23}},"loc":{"start":{"line":19,"column":36},"end":{"line":19,"column":46}},"line":19},"5":{"name":"(anonymous_5)","decl":{"start":{"line":25,"column":15},"end":{"line":25,"column":16}},"loc":{"start":{"line":25,"column":27},"end":{"line":36,"column":3}},"line":25},"6":{"name":"(anonymous_6)","decl":{"start":{"line":42,"column":15},"end":{"line":42,"column":16}},"loc":{"start":{"line":42,"column":37},"end":{"line":58,"column":3}},"line":42},"7":{"name":"(anonymous_7)","decl":{"start":{"line":44,"column":45},"end":{"line":44,"column":46}},"loc":{"start":{"line":44,"column":52},"end":{"line":44,"column":57}},"line":44},"8":{"name":"(anonymous_8)","decl":{"start":{"line":46,"column":20},"end":{"line":46,"column":21}},"loc":{"start":{"line":46,"column":26},"end":{"line":51,"column":5}},"line":46},"9":{"name":"(anonymous_9)","decl":{"start":{"line":48,"column":13},"end":{"line":48,"column":14}},"loc":{"start":{"line":48,"column":19},"end":{"line":50,"column":7}},"line":48}},"branchMap":{"0":{"loc":{"start":{"line":14,"column":4},"end":{"line":16,"column":5}},"type":"if","locations":[{"start":{"line":14,"column":4},"end":{"line":16,"column":5}},{"start":{},"end":{}}],"line":14},"1":{"loc":{"start":{"line":26,"column":4},"end":{"line":28,"column":5}},"type":"if","locations":[{"start":{"line":26,"column":4},"end":{"line":28,"column":5}},{"start":{},"end":{}}],"line":26},"2":{"loc":{"start":{"line":33,"column":4},"end":{"line":35,"column":5}},"type":"if","locations":[{"start":{"line":33,"column":4},"end":{"line":35,"column":5}},{"start":{},"end":{}}],"line":33},"3":{"loc":{"start":{"line":43,"column":12},"end":{"line":43,"column":27}},"type":"default-arg","locations":[{"start":{"line":43,"column":23},"end":{"line":43,"column":27}}],"line":43},"4":{"loc":{"start":{"line":53,"column":4},"end":{"line":55,"column":5}},"type":"if","locations":[{"start":{"line":53,"column":4},"end":{"line":55,"column":5}},{"start":{},"end":{}}],"line":53}},"s":{"0":1,"1":5,"2":5,"3":5,"4":5,"5":0,"6":0,"7":0,"8":5,"9":5,"10":2,"11":5,"12":5,"13":5,"14":5,"15":0,"16":5,"17":5,"18":5,"19":5,"20":5,"21":7,"22":7,"23":4,"24":7,"25":5,"26":5,"27":0,"28":7,"29":5,"30":2,"31":5,"32":5,"33":5},"f":{"0":5,"1":5,"2":0,"3":5,"4":2,"5":5,"6":7,"7":4,"8":5,"9":0},"b":{"0":[0,0],"1":[0,5],"2":[5,0],"3":[3],"4":[5,2]},"_coverageSchema":"1a1c01bbd47fc00a2c39e90264f33305004495a9","hash":"a86c17ef0c05319b1dbe8393d1b114fe9fa742fd"},"D:\\Users\\yj_gu\\Documents\\code\\github\\react-imvc-v2\\project\\src\\lazy\\controller.tsx":{"path":"D:\\Users\\yj_gu\\Documents\\code\\github\\react-imvc-v2\\project\\src\\lazy\\controller.tsx","statementMap":{"0":{"start":{"line":5,"column":19},"end":{"line":11,"column":1}},"1":{"start":{"line":6,"column":16},"end":{"line":6,"column":29}},"2":{"start":{"line":7,"column":16},"end":{"line":7,"column":29}},"3":{"start":{"line":8,"column":16},"end":{"line":8,"column":29}},"4":{"start":{"line":9,"column":16},"end":{"line":9,"column":29}},"5":{"start":{"line":10,"column":16},"end":{"line":10,"column":29}},"6":{"start":{"line":14,"column":9},"end":{"line":14,"column":13}},"7":{"start":{"line":16,"column":4},"end":{"line":20,"column":6}},"8":{"start":{"line":23,"column":4},"end":{"line":23,"column":31}},"9":{"start":{"line":26,"column":4},"end":{"line":26,"column":31}},"10":{"start":{"line":33,"column":2},"end":{"line":57,"column":3}},"11":{"start":{"line":38,"column":10},"end":{"line":38,"column":29}},"12":{"start":{"line":46,"column":10},"end":{"line":46,"column":29}}},"fnMap":{"0":{"name":"(anonymous_0)","decl":{"start":{"line":6,"column":10},"end":{"line":6,"column":11}},"loc":{"start":{"line":6,"column":16},"end":{"line":6,"column":29}},"line":6},"1":{"name":"(anonymous_1)","decl":{"start":{"line":7,"column":10},"end":{"line":7,"column":11}},"loc":{"start":{"line":7,"column":16},"end":{"line":7,"column":29}},"line":7},"2":{"name":"(anonymous_2)","decl":{"start":{"line":8,"column":10},"end":{"line":8,"column":11}},"loc":{"start":{"line":8,"column":16},"end":{"line":8,"column":29}},"line":8},"3":{"name":"(anonymous_3)","decl":{"start":{"line":9,"column":10},"end":{"line":9,"column":11}},"loc":{"start":{"line":9,"column":16},"end":{"line":9,"column":29}},"line":9},"4":{"name":"(anonymous_4)","decl":{"start":{"line":10,"column":10},"end":{"line":10,"column":11}},"loc":{"start":{"line":10,"column":16},"end":{"line":10,"column":29}},"line":10},"5":{"name":"(anonymous_5)","decl":{"start":{"line":15,"column":2},"end":{"line":15,"column":3}},"loc":{"start":{"line":15,"column":25},"end":{"line":21,"column":3}},"line":15},"6":{"name":"(anonymous_6)","decl":{"start":{"line":22,"column":2},"end":{"line":22,"column":3}},"loc":{"start":{"line":22,"column":30},"end":{"line":24,"column":3}},"line":22},"7":{"name":"(anonymous_7)","decl":{"start":{"line":25,"column":2},"end":{"line":25,"column":3}},"loc":{"start":{"line":25,"column":26},"end":{"line":27,"column":3}},"line":25},"8":{"name":"View","decl":{"start":{"line":32,"column":9},"end":{"line":32,"column":13}},"loc":{"start":{"line":32,"column":29},"end":{"line":58,"column":1}},"line":32},"9":{"name":"(anonymous_9)","decl":{"start":{"line":37,"column":17},"end":{"line":37,"column":18}},"loc":{"start":{"line":37,"column":23},"end":{"line":39,"column":9}},"line":37},"10":{"name":"(anonymous_10)","decl":{"start":{"line":45,"column":17},"end":{"line":45,"column":18}},"loc":{"start":{"line":45,"column":23},"end":{"line":47,"column":9}},"line":45}},"branchMap":{},"s":{"0":1,"1":1,"2":1,"3":1,"4":1,"5":1,"6":1,"7":1,"8":0,"9":1,"10":1,"11":1,"12":1},"f":{"0":1,"1":1,"2":1,"3":1,"4":1,"5":1,"6":0,"7":1,"8":1,"9":1,"10":1},"b":{},"_coverageSchema":"1a1c01bbd47fc00a2c39e90264f33305004495a9","hash":"14339325134bd90fa12821c15df19b2c25a62dd3"},"D:\\Users\\yj_gu\\Documents\\code\\github\\react-imvc-v2\\project\\src\\lazy\\A.tsx":{"path":"D:\\Users\\yj_gu\\Documents\\code\\github\\react-imvc-v2\\project\\src\\lazy\\A.tsx","statementMap":{"0":{"start":{"line":7,"column":23},"end":{"line":20,"column":1}},"1":{"start":{"line":8,"column":28},"end":{"line":8,"column":55}},"2":{"start":{"line":10,"column":2},"end":{"line":19,"column":4}},"3":{"start":{"line":14,"column":31},"end":{"line":14,"column":50}},"4":{"start":{"line":16,"column":31},"end":{"line":16,"column":50}}},"fnMap":{"0":{"name":"(anonymous_0)","decl":{"start":{"line":7,"column":23},"end":{"line":7,"column":24}},"loc":{"start":{"line":7,"column":48},"end":{"line":20,"column":1}},"line":7},"1":{"name":"(anonymous_1)","decl":{"start":{"line":14,"column":25},"end":{"line":14,"column":26}},"loc":{"start":{"line":14,"column":31},"end":{"line":14,"column":50}},"line":14},"2":{"name":"(anonymous_2)","decl":{"start":{"line":16,"column":25},"end":{"line":16,"column":26}},"loc":{"start":{"line":16,"column":31},"end":{"line":16,"column":50}},"line":16}},"branchMap":{},"s":{"0":1,"1":1,"2":1,"3":0,"4":0},"f":{"0":1,"1":0,"2":0},"b":{},"_coverageSchema":"1a1c01bbd47fc00a2c39e90264f33305004495a9","hash":"0e8676baf6c84303ceb46af19d8830e573df115b"},"D:\\Users\\yj_gu\\Documents\\code\\github\\react-imvc-v2\\project\\src\\lazy\\B.tsx":{"path":"D:\\Users\\yj_gu\\Documents\\code\\github\\react-imvc-v2\\project\\src\\lazy\\B.tsx","statementMap":{"0":{"start":{"line":7,"column":23},"end":{"line":20,"column":1}},"1":{"start":{"line":8,"column":28},"end":{"line":8,"column":55}},"2":{"start":{"line":10,"column":2},"end":{"line":19,"column":4}},"3":{"start":{"line":14,"column":31},"end":{"line":14,"column":50}},"4":{"start":{"line":16,"column":31},"end":{"line":16,"column":50}}},"fnMap":{"0":{"name":"(anonymous_0)","decl":{"start":{"line":7,"column":23},"end":{"line":7,"column":24}},"loc":{"start":{"line":7,"column":48},"end":{"line":20,"column":1}},"line":7},"1":{"name":"(anonymous_1)","decl":{"start":{"line":14,"column":25},"end":{"line":14,"column":26}},"loc":{"start":{"line":14,"column":31},"end":{"line":14,"column":50}},"line":14},"2":{"name":"(anonymous_2)","decl":{"start":{"line":16,"column":25},"end":{"line":16,"column":26}},"loc":{"start":{"line":16,"column":31},"end":{"line":16,"column":50}},"line":16}},"branchMap":{},"s":{"0":1,"1":1,"2":1,"3":0,"4":0},"f":{"0":1,"1":0,"2":0},"b":{},"_coverageSchema":"1a1c01bbd47fc00a2c39e90264f33305004495a9","hash":"9a167c73432dfdaf351b5accb80ab6350bedb641"},"D:\\Users\\yj_gu\\Documents\\code\\github\\react-imvc-v2\\project\\src\\lazy\\C.tsx":{"path":"D:\\Users\\yj_gu\\Documents\\code\\github\\react-imvc-v2\\project\\src\\lazy\\C.tsx","statementMap":{"0":{"start":{"line":7,"column":23},"end":{"line":20,"column":1}},"1":{"start":{"line":8,"column":28},"end":{"line":8,"column":55}},"2":{"start":{"line":10,"column":2},"end":{"line":19,"column":4}},"3":{"start":{"line":14,"column":31},"end":{"line":14,"column":50}},"4":{"start":{"line":16,"column":31},"end":{"line":16,"column":50}}},"fnMap":{"0":{"name":"(anonymous_0)","decl":{"start":{"line":7,"column":23},"end":{"line":7,"column":24}},"loc":{"start":{"line":7,"column":48},"end":{"line":20,"column":1}},"line":7},"1":{"name":"(anonymous_1)","decl":{"start":{"line":14,"column":25},"end":{"line":14,"column":26}},"loc":{"start":{"line":14,"column":31},"end":{"line":14,"column":50}},"line":14},"2":{"name":"(anonymous_2)","decl":{"start":{"line":16,"column":25},"end":{"line":16,"column":26}},"loc":{"start":{"line":16,"column":31},"end":{"line":16,"column":50}},"line":16}},"branchMap":{},"s":{"0":1,"1":1,"2":1,"3":0,"4":0},"f":{"0":1,"1":0,"2":0},"b":{},"_coverageSchema":"1a1c01bbd47fc00a2c39e90264f33305004495a9","hash":"31f9afef111125a98b2c43d3ea7e8e9a42a5b3a6"},"D:\\Users\\yj_gu\\Documents\\code\\github\\react-imvc-v2\\project\\src\\lazy\\D.tsx":{"path":"D:\\Users\\yj_gu\\Documents\\code\\github\\react-imvc-v2\\project\\src\\lazy\\D.tsx","statementMap":{"0":{"start":{"line":7,"column":23},"end":{"line":20,"column":1}},"1":{"start":{"line":8,"column":28},"end":{"line":8,"column":55}},"2":{"start":{"line":10,"column":2},"end":{"line":19,"column":4}},"3":{"start":{"line":14,"column":31},"end":{"line":14,"column":50}},"4":{"start":{"line":16,"column":31},"end":{"line":16,"column":50}}},"fnMap":{"0":{"name":"(anonymous_0)","decl":{"start":{"line":7,"column":23},"end":{"line":7,"column":24}},"loc":{"start":{"line":7,"column":48},"end":{"line":20,"column":1}},"line":7},"1":{"name":"(anonymous_1)","decl":{"start":{"line":14,"column":25},"end":{"line":14,"column":26}},"loc":{"start":{"line":14,"column":31},"end":{"line":14,"column":50}},"line":14},"2":{"name":"(anonymous_2)","decl":{"start":{"line":16,"column":25},"end":{"line":16,"column":26}},"loc":{"start":{"line":16,"column":31},"end":{"line":16,"column":50}},"line":16}},"branchMap":{},"s":{"0":1,"1":1,"2":1,"3":0,"4":0},"f":{"0":1,"1":0,"2":0},"b":{},"_coverageSchema":"1a1c01bbd47fc00a2c39e90264f33305004495a9","hash":"f29d822dc8cdbefa9b276c9cde1dcd5d557664af"},"D:\\Users\\yj_gu\\Documents\\code\\github\\react-imvc-v2\\project\\src\\lazy\\E.tsx":{"path":"D:\\Users\\yj_gu\\Documents\\code\\github\\react-imvc-v2\\project\\src\\lazy\\E.tsx","statementMap":{"0":{"start":{"line":7,"column":23},"end":{"line":20,"column":1}},"1":{"start":{"line":8,"column":28},"end":{"line":8,"column":55}},"2":{"start":{"line":10,"column":2},"end":{"line":19,"column":4}},"3":{"start":{"line":14,"column":31},"end":{"line":14,"column":50}},"4":{"start":{"line":16,"column":31},"end":{"line":16,"column":50}}},"fnMap":{"0":{"name":"(anonymous_0)","decl":{"start":{"line":7,"column":23},"end":{"line":7,"column":24}},"loc":{"start":{"line":7,"column":48},"end":{"line":20,"column":1}},"line":7},"1":{"name":"(anonymous_1)","decl":{"start":{"line":14,"column":25},"end":{"line":14,"column":26}},"loc":{"start":{"line":14,"column":31},"end":{"line":14,"column":50}},"line":14},"2":{"name":"(anonymous_2)","decl":{"start":{"line":16,"column":25},"end":{"line":16,"column":26}},"loc":{"start":{"line":16,"column":31},"end":{"line":16,"column":50}},"line":16}},"branchMap":{},"s":{"0":1,"1":1,"2":1,"3":0,"4":0},"f":{"0":1,"1":0,"2":0},"b":{},"_coverageSchema":"1a1c01bbd47fc00a2c39e90264f33305004495a9","hash":"10586333c82f65334b2199ee6e5c296f312c9fec"}}